Removed Pin From Net: NetName=GND Pin=J16-A1
Removed Pin From Net: NetName=USB_VBUS_IN Pin=J16-A4
Removed Pin From Net: NetName=NetJ16_A5 Pin=J16-A5
Removed Pin From Net: NetName=D_P Pin=J16-A6
Removed Pin From Net: NetName=D_N Pin=J16-A7
Removed Pin From Net: NetName=USB_VBUS_IN Pin=J16-A9
Removed Pin From Net: NetName=GND Pin=J16-A12
Removed Pin From Net: NetName=GND Pin=J16-B1
Removed Pin From Net: NetName=USB_VBUS_IN Pin=J16-B4
Removed Pin From Net: NetName=NetJ16_B5 Pin=J16-B5
Removed Pin From Net: NetName=D_P Pin=J16-B6
Removed Pin From Net: NetName=D_N Pin=J16-B7
Removed Pin From Net: NetName=USB_VBUS_IN Pin=J16-B9
Removed Pin From Net: NetName=GND Pin=J16-B12
Removed Pin From Net: NetName=GND Pin=J16-S1
Removed Pin From Net: NetName=GND Pin=J16-S2
Removed Pin From Net: NetName=GND Pin=J16-S3
Removed Pin From Net: NetName=GND Pin=J16-S4
Removed Pin From Net: NetName=GND Pin=J16-S5
Removed Pin From Net: NetName=GND Pin=J16-S6
Removed Member From Class: ClassName=BalEv_USB_v1_0 Member=J?
Change Component Designator: OldDesignator=J? NewDesignator=J16
Added Pin To Net: NetName=GND Pin=J16-A1
Added Pin To Net: NetName=USB_VBUS_IN Pin=J16-A4
Added Pin To Net: NetName=NetJ16_A5 Pin=J16-A5
Added Pin To Net: NetName=D_P Pin=J16-A6
Added Pin To Net: NetName=D_N Pin=J16-A7
Added Pin To Net: NetName=USB_VBUS_IN Pin=J16-A9
Added Pin To Net: NetName=GND Pin=J16-A12
Added Pin To Net: NetName=GND Pin=J16-B1
Added Pin To Net: NetName=USB_VBUS_IN Pin=J16-B4
Added Pin To Net: NetName=NetJ16_B5 Pin=J16-B5
Added Pin To Net: NetName=D_P Pin=J16-B6
Added Pin To Net: NetName=D_N Pin=J16-B7
Added Pin To Net: NetName=USB_VBUS_IN Pin=J16-B9
Added Pin To Net: NetName=GND Pin=J16-B12
Added Pin To Net: NetName=GND Pin=J16-S1
Added Pin To Net: NetName=GND Pin=J16-S2
Added Pin To Net: NetName=GND Pin=J16-S3
Added Pin To Net: NetName=GND Pin=J16-S4
