Added Component: Designator=U17(QFN50P700X700X100_HS-49N)
Added Pin To Net: NetName=GND Pin=U17-0
Added Pin To Net: NetName=+3v3 Pin=U17-1
Added Pin To Net: NetName=FPGA_FRAM_nCS_2 Pin=U17-2
Added Pin To Net: NetName=STM_FPGA_M1 Pin=U17-3
Added Pin To Net: NetName=FPGA_FRAM_nCS_3 Pin=U17-4
Added Pin To Net: NetName=+1v2 Pin=U17-5
Added Pin To Net: NetName=FPGA_ADC_SDO_0 Pin=U17-6
Added Pin To Net: NetName=CDONE Pin=U17-7
Added Pin To Net: NetName=creset_b Pin=U17-8
Added Pin To Net: NetName=FPGA_ADC_SDO_1 Pin=U17-9
Added Pin To Net: NetName=FPGA_ADC_SDO_2 Pin=U17-10
Added Pin To Net: NetName=FPGA_ADC_SDO_3 Pin=U17-11
Added Pin To Net: NetName=NetR107_1 Pin=U17-12
Added Pin To Net: NetName=NetR109_1 Pin=U17-13
Added Pin To Net: NetName=ICE_MISO Pin=U17-14
Added Pin To Net: NetName=ICE_SCK Pin=U17-15
Added Pin To Net: NetName=ICE_SS Pin=U17-16
Added Pin To Net: NetName=ICE_MOSI Pin=U17-17
Added Pin To Net: NetName=NetR110_1 Pin=U17-18
Added Pin To Net: NetName=STM_FPGA_M0 Pin=U17-19
Added Pin To Net: NetName=FPGA_64M_CLK_EN Pin=U17-20
Added Pin To Net: NetName=NetR108_1 Pin=U17-21
Added Pin To Net: NetName=+3v3 Pin=U17-22
Added Pin To Net: NetName=NetR92_1 Pin=U17-23
Added Pin To Net: NetName=+2v5 Pin=U17-24
Added Pin To Net: NetName=NetR89_1 Pin=U17-25
Added Pin To Net: NetName=NetR94_1 Pin=U17-26
Added Pin To Net: NetName=NetR93_1 Pin=U17-27
Added Pin To Net: NetName=NetR95_1 Pin=U17-28
Added Pin To Net: NetName=VCC_PLL Pin=U17-29
Added Pin To Net: NetName=+1v2 Pin=U17-30
Added Pin To Net: NetName=NetR96_1 Pin=U17-31
Added Pin To Net: NetName=NetR98_1 Pin=U17-32
Added Pin To Net: NetName=+3v3 Pin=U17-33
Added Pin To Net: NetName=NetR100_1 Pin=U17-34
Added Pin To Net: NetName=STM_FPGA_reset Pin=U17-35
Added Pin To Net: NetName=FPGA_ACQ_PRETRIG Pin=U17-36
Added Pin To Net: NetName=FPGA_64M_CLK Pin=U17-37
Added Pin To Net: NetName=STM_FPGA_M2 Pin=U17-38
Added Pin To Net: NetName=FPGA_ACQ_DONE Pin=U17-39
Added Pin To Net: NetName=FPGA_CAL_2 Pin=U17-40
Added Pin To Net: NetName=FPGA_CAL_1 Pin=U17-41
Added Pin To Net: NetName=STM_FPGA_M3 Pin=U17-42
Added Pin To Net: NetName=FPGA_ACQ_TRIG Pin=U17-43
Added Pin To Net: NetName=STM_FPGA_MOSI Pin=U17-44
Added Pin To Net: NetName=FPGA_FRAM_nCS_1 Pin=U17-45
Added Pin To Net: NetName=STM_FPGA_SCK Pin=U17-46
Added Pin To Net: NetName=STM_FPGA_MISO Pin=U17-47
Added Pin To Net: NetName=FPGA_FRAM_nCS_0 Pin=U17-48
Added Member To Class: ClassName=BalEv_FPTG_POW_COFIG_v1_0 Member=Component U17 iCE40 Ultra / iCE5LP
