Removed Pin From Net: NetName=NetC70_1 Pin=C70-1
Removed Pin From Net: NetName=NetC72_2 Pin=C72-2
Removed Pin From Net: NetName=NetC72_2 Pin=U71-17
Removed Pin From Net: NetName=NetR74_1 Pin=U71-19
Removed Member From Class: ClassName=BalEv_FPTG_POW_COFIG_v1_0 Member=R87
Removed Member From Class: ClassName=BalEv_FPTG_POW_COFIG_v1_0 Member=R88
Removed Member From Class: ClassName=BalEv_FPTG_IO_v1_0 Member=R99
Change Component Designator: OldDesignator=C1 NewDesignator=C3
Change Component Designator: OldDesignator=C2 NewDesignator=C7
Change Component Designator: OldDesignator=C3 NewDesignator=C13
Change Component Designator: OldDesignator=C4 NewDesignator=C15
Change Component Designator: OldDesignator=C5 NewDesignator=C4
Change Component Designator: OldDesignator=C6 NewDesignator=C8
Change Component Designator: OldDesignator=C7 NewDesignator=C20
Change Component Designator: OldDesignator=C8 NewDesignator=C1
Change Component Designator: OldDesignator=C9 NewDesignator=C11
Change Component Designator: OldDesignator=C10 NewDesignator=C17
Change Component Designator: OldDesignator=C11 NewDesignator=C19
Change Component Designator: OldDesignator=C12 NewDesignator=C5
Change Component Designator: OldDesignator=C13 NewDesignator=C9
Change Component Designator: OldDesignator=C15 NewDesignator=C16
Change Component Designator: OldDesignator=C16 NewDesignator=C6
Change Component Designator: OldDesignator=C17 NewDesignator=C10
Change Component Designator: OldDesignator=C18 NewDesignator=C2
Change Component Designator: OldDesignator=C19 NewDesignator=C12
Change Component Designator: OldDesignator=C20 NewDesignator=C18
Change Component Designator: OldDesignator=C22 NewDesignator=C24
Change Component Designator: OldDesignator=C23 NewDesignator=C28
Change Component Designator: OldDesignator=C24 NewDesignator=C34
Change Component Designator: OldDesignator=C25 NewDesignator=C36
Change Component Designator: OldDesignator=C26 NewDesignator=C25
Change Component Designator: OldDesignator=C27 NewDesignator=C29
Change Component Designator: OldDesignator=C28 NewDesignator=C22
Change Component Designator: OldDesignator=C29 NewDesignator=C32
Change Component Designator: OldDesignator=C30 NewDesignator=C26
Change Component Designator: OldDesignator=C31 NewDesignator=C30
Change Component Designator: OldDesignator=C32 NewDesignator=C35
Change Component Designator: OldDesignator=C33 NewDesignator=C37
Change Component Designator: OldDesignator=C34 NewDesignator=C27
Change Component Designator: OldDesignator=C35 NewDesignator=C31
Change Component Designator: OldDesignator=C36 NewDesignator=C23
Change Component Designator: OldDesignator=C37 NewDesignator=C33
Change Component Designator: OldDesignator=C39 NewDesignator=C48
Change Component Designator: OldDesignator=C40 NewDesignator=C52
Change Component Designator: OldDesignator=C42 NewDesignator=C55
Change Component Designator: OldDesignator=C43 NewDesignator=C49
Change Component Designator: OldDesignator=C44 NewDesignator=C53
Change Component Designator: OldDesignator=C45 NewDesignator=C50
Change Component Designator: OldDesignator=C46 NewDesignator=C54
Change Component Designator: OldDesignator=C47 NewDesignator=C39
Change Component Designator: OldDesignator=C48 NewDesignator=C40
Change Component Designator: OldDesignator=C49 NewDesignator=C51
Change Component Designator: OldDesignator=C50 NewDesignator=C43
Change Component Designator: OldDesignator=C51 NewDesignator=C45
Change Component Designator: OldDesignator=C52 NewDesignator=C47
Change Component Designator: OldDesignator=C53 NewDesignator=C42
Change Component Designator: OldDesignator=C54 NewDesignator=C44
Change Component Designator: OldDesignator=C55 NewDesignator=C46
Change Component Designator: OldDesignator=C70 NewDesignator=C90
Change Component Designator: OldDesignator=C72 NewDesignator=C86
Change Component Designator: OldDesignator=C73 NewDesignator=C74
Change Component Designator: OldDesignator=C74 NewDesignator=C82
Change Component Designator: OldDesignator=C75 NewDesignator=C87
Change Component Designator: OldDesignator=C76 NewDesignator=C91
Change Component Designator: OldDesignator=C77 NewDesignator=C75
Change Component Designator: OldDesignator=C78 NewDesignator=C76
Change Component Designator: OldDesignator=C79 NewDesignator=C83
Change Component Designator: OldDesignator=C80 NewDesignator=C72
Change Component Designator: OldDesignator=C80 NewDesignator=C77
Change Component Designator: OldDesignator=C81 NewDesignator=C78
Change Component Designator: OldDesignator=C82 NewDesignator=C84
Change Component Designator: OldDesignator=C83 NewDesignator=C79
Change Component Designator: OldDesignator=C84 NewDesignator=C89
Change Component Designator: OldDesignator=C85 NewDesignator=C80
Change Component Designator: OldDesignator=C86 NewDesignator=C85
Change Component Designator: OldDesignator=C87 NewDesignator=C81
Change Component Designator: OldDesignator=C88 NewDesignator=C73
Change Component Designator: OldDesignator=C91 NewDesignator=C70
Change Component Designator: OldDesignator=R1 NewDesignator=R5
Change Component Designator: OldDesignator=R2 NewDesignator=R19
Change Component Designator: OldDesignator=R3 NewDesignator=R13
Change Component Designator: OldDesignator=R4 NewDesignator=R23
Change Component Designator: OldDesignator=R5 NewDesignator=R27
Change Component Designator: OldDesignator=R6 NewDesignator=R14
Change Component Designator: OldDesignator=R7 NewDesignator=R24
Change Component Designator: OldDesignator=R8 NewDesignator=R1
Change Component Designator: OldDesignator=R9 NewDesignator=R3
Change Component Designator: OldDesignator=R10 NewDesignator=R20
Change Component Designator: OldDesignator=R12 NewDesignator=R15
Change Component Designator: OldDesignator=R13 NewDesignator=R7
Change Component Designator: OldDesignator=R14 NewDesignator=R8
Change Component Designator: OldDesignator=R15 NewDesignator=R29
Change Component Designator: OldDesignator=R16 NewDesignator=R6
Change Component Designator: OldDesignator=R17 NewDesignator=R30
Change Component Designator: OldDesignator=R18 NewDesignator=R21
Change Component Designator: OldDesignator=R19 NewDesignator=R31
Change Component Designator: OldDesignator=R20 NewDesignator=R16
Change Component Designator: OldDesignator=R21 NewDesignator=R25
Change Component Designator: OldDesignator=R22 NewDesignator=R28
Change Component Designator: OldDesignator=R23 NewDesignator=R17
Change Component Designator: OldDesignator=R24 NewDesignator=R26
Change Component Designator: OldDesignator=R25 NewDesignator=R2
Change Component Designator: OldDesignator=R26 NewDesignator=R4
Change Component Designator: OldDesignator=R27 NewDesignator=R22
Change Component Designator: OldDesignator=R28 NewDesignator=R12
Change Component Designator: OldDesignator=R29 NewDesignator=R18
Change Component Designator: OldDesignator=R30 NewDesignator=R9
Change Component Designator: OldDesignator=R31 NewDesignator=R10
Change Component Designator: OldDesignator=R32 NewDesignator=R36
Change Component Designator: OldDesignator=R33 NewDesignator=R50
Change Component Designator: OldDesignator=R34 NewDesignator=R44
Change Component Designator: OldDesignator=R35 NewDesignator=R54
Change Component Designator: OldDesignator=R36 NewDesignator=R58
Change Component Designator: OldDesignator=R37 NewDesignator=R45
Change Component Designator: OldDesignator=R38 NewDesignator=R55
Change Component Designator: OldDesignator=R39 NewDesignator=R32
Change Component Designator: OldDesignator=R40 NewDesignator=R34
Change Component Designator: OldDesignator=R41 NewDesignator=R51
Change Component Designator: OldDesignator=R43 NewDesignator=R46
Change Component Designator: OldDesignator=R44 NewDesignator=R38
Change Component Designator: OldDesignator=R45 NewDesignator=R39
Change Component Designator: OldDesignator=R46 NewDesignator=R37
Change Component Designator: OldDesignator=R47 NewDesignator=R52
Change Component Designator: OldDesignator=R48 NewDesignator=R47
Change Component Designator: OldDesignator=R49 NewDesignator=R56
Change Component Designator: OldDesignator=R50 NewDesignator=R59
Change Component Designator: OldDesignator=R51 NewDesignator=R48
Change Component Designator: OldDesignator=R52 NewDesignator=R57
Change Component Designator: OldDesignator=R53 NewDesignator=R33
Change Component Designator: OldDesignator=R54 NewDesignator=R35
Change Component Designator: OldDesignator=R55 NewDesignator=R53
Change Component Designator: OldDesignator=R56 NewDesignator=R43
Change Component Designator: OldDesignator=R57 NewDesignator=R49
Change Component Designator: OldDesignator=R58 NewDesignator=R40
Change Component Designator: OldDesignator=R59 NewDesignator=R41
Change Component Designator: OldDesignator=R60 NewDesignator=R61
Change Component Designator: OldDesignator=R61 NewDesignator=R62
Change Component Designator: OldDesignator=R62 NewDesignator=R63
Change Component Designator: OldDesignator=R63 NewDesignator=R103
Change Component Designator: OldDesignator=R64 NewDesignator=R104
Change Component Designator: OldDesignator=R65 NewDesignator=R68
Change Component Designator: OldDesignator=R66 NewDesignator=R69
Change Component Designator: OldDesignator=R67 NewDesignator=R64
Change Component Designator: OldDesignator=R68 NewDesignator=R67
Change Component Designator: OldDesignator=R69 NewDesignator=R60
Change Component Designator: OldDesignator=R73 NewDesignator=R87
Change Component Designator: OldDesignator=R75 NewDesignator=R97
Change Component Designator: OldDesignator=R76 NewDesignator=R88
Change Component Designator: OldDesignator=R77 NewDesignator=R101
Change Component Designator: OldDesignator=R78 NewDesignator=R102
Change Component Designator: OldDesignator=R79 NewDesignator=R72
Change Component Designator: OldDesignator=R79 NewDesignator=R98
Change Component Designator: OldDesignator=R80 NewDesignator=R84
Change Component Designator: OldDesignator=R80 NewDesignator=R100
Change Component Designator: OldDesignator=R81 NewDesignator=R76
Change Component Designator: OldDesignator=R81 NewDesignator=R89
Change Component Designator: OldDesignator=R82 NewDesignator=R99
Change Component Designator: OldDesignator=R83 NewDesignator=R80
Change Component Designator: OldDesignator=R83 NewDesignator=R90
Change Component Designator: OldDesignator=R84 NewDesignator=R91
Change Component Designator: OldDesignator=R85 NewDesignator=R92
Change Component Designator: OldDesignator=R86 NewDesignator=R93
Change Component Designator: OldDesignator=R87 NewDesignator=R65
Change Component Designator: OldDesignator=R88 NewDesignator=R66
Change Component Designator: OldDesignator=R89 NewDesignator=R119
Change Component Designator: OldDesignator=R90 NewDesignator=R105
Change Component Designator: OldDesignator=R91 NewDesignator=R114
Change Component Designator: OldDesignator=R92 NewDesignator=R120
Change Component Designator: OldDesignator=R93 NewDesignator=R73
Change Component Designator: OldDesignator=R93 NewDesignator=R121
Change Component Designator: OldDesignator=R94 NewDesignator=R85
Change Component Designator: OldDesignator=R94 NewDesignator=R122
Change Component Designator: OldDesignator=R95 NewDesignator=R77
Change Component Designator: OldDesignator=R95 NewDesignator=R123
Change Component Designator: OldDesignator=R96 NewDesignator=R81
Change Component Designator: OldDesignator=R96 NewDesignator=R124
Change Component Designator: OldDesignator=R97 NewDesignator=R116
Change Component Designator: OldDesignator=R98 NewDesignator=R125
Change Component Designator: OldDesignator=R99 NewDesignator=R70
Change Component Designator: OldDesignator=R99 NewDesignator=R118
Change Component Designator: OldDesignator=R100 NewDesignator=R82
Change Component Designator: OldDesignator=R100 NewDesignator=R126
Change Component Designator: OldDesignator=R101 NewDesignator=R74
Change Component Designator: OldDesignator=R101 NewDesignator=R115
Change Component Designator: OldDesignator=R102 NewDesignator=R78
Change Component Designator: OldDesignator=R102 NewDesignator=R117
Change Component Designator: OldDesignator=R103 NewDesignator=R109
Change Component Designator: OldDesignator=R104 NewDesignator=R108
Change Component Designator: OldDesignator=R105 NewDesignator=R107
Change Component Designator: OldDesignator=R107 NewDesignator=R110
Change Component Designator: OldDesignator=R108 NewDesignator=R111
Change Component Designator: OldDesignator=R109 NewDesignator=R112
Change Component Designator: OldDesignator=R110 NewDesignator=R113
Change Component Designator: OldDesignator=SB1 NewDesignator=SB5
Change Component Designator: OldDesignator=SB2 NewDesignator=SB7
Change Component Designator: OldDesignator=SB3 NewDesignator=SB1
Change Component Designator: OldDesignator=SB4 NewDesignator=SB6
Change Component Designator: OldDesignator=SB5 NewDesignator=SB4
Change Component Designator: OldDesignator=SB6 NewDesignator=SB2
Change Component Designator: OldDesignator=SB7 NewDesignator=SB8
Change Component Designator: OldDesignator=SB8 NewDesignator=SB3
Change Component Designator: OldDesignator=TP2 NewDesignator=TP8
Change Component Designator: OldDesignator=TP3 NewDesignator=TP2
Change Component Designator: OldDesignator=TP4 NewDesignator=TP9
Change Component Designator: OldDesignator=TP5 NewDesignator=TP10
Change Component Designator: OldDesignator=TP6 NewDesignator=TP4
Change Component Designator: OldDesignator=TP7 NewDesignator=TP11
Change Component Designator: OldDesignator=TP8 NewDesignator=TP12
Change Component Designator: OldDesignator=TP9 NewDesignator=TP13
Change Component Designator: OldDesignator=TP10 NewDesignator=TP3
Change Component Designator: OldDesignator=TP11 NewDesignator=TP14
Change Component Designator: OldDesignator=TP12 NewDesignator=TP5
Change Component Designator: OldDesignator=TP13 NewDesignator=TP15
Change Component Designator: OldDesignator=TP14 NewDesignator=TP6
Change Component Designator: OldDesignator=TP15 NewDesignator=TP16
Change Component Designator: OldDesignator=TP16 NewDesignator=TP7
Change Component Designator: OldDesignator=U1 NewDesignator=U3
Change Component Designator: OldDesignator=U2 NewDesignator=U1
Change Component Designator: OldDesignator=U3 NewDesignator=U6
Change Component Designator: OldDesignator=U4 NewDesignator=U5
Change Component Designator: OldDesignator=U5 NewDesignator=U4
Change Component Designator: OldDesignator=U6 NewDesignator=U2
Change Component Designator: OldDesignator=U8 NewDesignator=U10
Change Component Designator: OldDesignator=U9 NewDesignator=U8
Change Component Designator: OldDesignator=U10 NewDesignator=U11
Change Component Designator: OldDesignator=U11 NewDesignator=U9
Change Component Designator: OldDesignator=U12 NewDesignator=U14
Change Component Designator: OldDesignator=U13 NewDesignator=U12
Change Component Designator: OldDesignator=U14 NewDesignator=U15
Change Component Designator: OldDesignator=U15 NewDesignator=U17
Change Component Designator: OldDesignator=U17 NewDesignator=U13
Change Component Designator: OldDesignator=U71 NewDesignator=U76
Change Component Designator: OldDesignator=U72 NewDesignator=U74
Change Component Designator: OldDesignator=U73 NewDesignator=U72
Change Component Designator: OldDesignator=U74 NewDesignator=U73
Change Component Designator: OldDesignator=U75 NewDesignator=U70
Added Component: Designator=C56(CAPACITOR 1608 REFLOW)
Add component (AddParameter): Name = "STOCK"; Value = "NO"; VariantName = "[No Variations]"
Add component (AddParameter): Name = "Value"; Value = "4.7uF"; VariantName = "[No Variations]"
Added Component: Designator=C57(CAPACITOR 1005 REFLOW)
Add component (AddParameter): Name = "STOCK"; Value = "NO"; VariantName = "[No Variations]"
Add component (AddParameter): Name = "Value"; Value = "100nF"; VariantName = "[No Variations]"
Added Component: Designator=C58(CAPACITOR 1005 REFLOW)
Add component (AddParameter): Name = "STOCK"; Value = "NO"; VariantName = "[No Variations]"
Add component (AddParameter): Name = "Value"; Value = "100nF"; VariantName = "[No Variations]"
Added Component: Designator=C59(CAPACITOR 1005 REFLOW)
Add component (AddParameter): Name = "STOCK"; Value = "NO"; VariantName = "[No Variations]"
Add component (AddParameter): Name = "Value"; Value = "4.7 pF"; VariantName = "[No Variations]"
Added Component: Designator=C60(CAPACITOR 1005 REFLOW)
Add component (AddParameter): Name = "STOCK"; Value = "NO"; VariantName = "[No Variations]"
Add component (AddParameter): Name = "Value"; Value = "3.9 pF"; VariantName = "[No Variations]"
Added Component: Designator=C61(CAPACITOR 1005 REFLOW)
Add component (AddParameter): Name = "STOCK"; Value = "NO"; VariantName = "[No Variations]"
Add component (AddParameter): Name = "Value"; Value = "100nF"; VariantName = "[No Variations]"
Added Component: Designator=C62(CAPACITOR 1005 REFLOW)
Add component (AddParameter): Name = "STOCK"; Value = "NO"; VariantName = "[No Variations]"
Add component (AddParameter): Name = "Value"; Value = "100nF"; VariantName = "[No Variations]"
Added Component: Designator=C63(CAPACITOR 1005 REFLOW)
Add component (AddParameter): Name = "STOCK"; Value = "NO"; VariantName = "[No Variations]"
Add component (AddParameter): Name = "Value"; Value = "4.7 pF"; VariantName = "[No Variations]"
Added Component: Designator=C64(CAPACITOR 1005 REFLOW)
Add component (AddParameter): Name = "STOCK"; Value = "NO"; VariantName = "[No Variations]"
Add component (AddParameter): Name = "Value"; Value = "3.9 pF"; VariantName = "[No Variations]"
Added Component: Designator=C65(CAPACITOR 1005 REFLOW)
Add component (AddParameter): Name = "STOCK"; Value = "NO"; VariantName = "[No Variations]"
Add component (AddParameter): Name = "Value"; Value = "100nF"; VariantName = "[No Variations]"
Added Component: Designator=C66(CAPACITOR 1005 REFLOW)
Add component (AddParameter): Name = "STOCK"; Value = "NO"; VariantName = "[No Variations]"
Add component (AddParameter): Name = "Value"; Value = "100nF"; VariantName = "[No Variations]"
Added Component: Designator=C67(CAPACITOR 1005 REFLOW)
Add component (AddParameter): Name = "STOCK"; Value = "NO"; VariantName = "[No Variations]"
Add component (AddParameter): Name = "Value"; Value = "100nF"; VariantName = "[No Variations]"
Added Component: Designator=C71(CAPACITOR 1005 REFLOW)
Add component (AddParameter): Name = "Value"; Value = "100n"; VariantName = "[No Variations]"
Added Component: Designator=C88(CAPACITOR 1005 REFLOW)
Add component (AddParameter): Name = "Value"; Value = "100n"; VariantName = "[No Variations]"
Added Component: Designator=D1(SOT23-6 P0.95 C1.5x3.0 H1.3)
Add component (AddParameter): Name = "STOCK"; Value = "YES"; VariantName = "[No Variations]"
Add component (AddParameter): Name = "Value"; Value = "ECLAMP2122S.TCT"; VariantName = "[No Variations]"
Added Component: Designator=J11(MOLEX 43650-0200)
Added Component: Designator=J12(MOLEX 43650-0200)
Added Component: Designator=J13(MOLEX 43650-0400)
Added Component: Designator=J14(PinHeader2x7 P1.27)
Add component (AddParameter): Name = "STOCK"; Value = "YES"; VariantName = "[No Variations]"
Add component (AddParameter): Name = "Value"; Value = ""; VariantName = "[No Variations]"
Added Component: Designator=J15(FlatCable2x8 2MM Right Angle TH FCI 98614-G61-16ULF)
Added Component: Designator=J17(SD MICRO MOLEX 47352-1001)
Add component (AddParameter): Name = "STOCK"; Value = "YES"; VariantName = "[No Variations]"
Add component (AddParameter): Name = "Value"; Value = "MOLEX 47352-1001"; VariantName = "[No Variations]"
Added Component: Designator=R71(RESISTOR 1005 REFLOW)
Add component (AddParameter): Name = "Value"; Value = "NC"; VariantName = "[No Variations]"
Added Component: Designator=R75(RESISTOR 1005 REFLOW)
Add component (AddParameter): Name = "Value"; Value = "100"; VariantName = "[No Variations]"
Added Component: Designator=R79(RESISTOR 1005 REFLOW)
Add component (AddParameter): Name = "Value"; Value = "NC"; VariantName = "[No Variations]"
Added Component: Designator=R83(RESISTOR 1005 REFLOW)
Add component (AddParameter): Name = "Value"; Value = "NC"; VariantName = "[No Variations]"
Added Component: Designator=R86(RESISTOR 1005 REFLOW)
Add component (AddParameter): Name = "Value"; Value = "33"; VariantName = "[No Variations]"
Added Component: Designator=R94(RESISTOR 1005 REFLOW)
Add component (AddParameter): Name = "Value"; Value = "10k"; VariantName = "[No Variations]"
Added Component: Designator=R95(RESISTOR 1005 REFLOW)
Add component (AddParameter): Name = "Value"; Value = "10k"; VariantName = "[No Variations]"
Added Component: Designator=R96(RESISTOR 1005 REFLOW)
Add component (AddParameter): Name = "Value"; Value = "100"; VariantName = "[No Variations]"
Added Component: Designator=R127(RESISTOR 1005 REFLOW)
Add component (AddParameter): Name = "STOCK"; Value = "NO"; VariantName = "[No Variations]"
Add component (AddParameter): Name = "Value"; Value = "10k"; VariantName = "[No Variations]"
Added Component: Designator=R128(RESISTOR 1005 REFLOW)
Add component (AddParameter): Name = "STOCK"; Value = "NO"; VariantName = "[No Variations]"
Add component (AddParameter): Name = "Value"; Value = "NC"; VariantName = "[No Variations]"
Added Component: Designator=R129(RESISTOR 1005 REFLOW)
Add component (AddParameter): Name = "STOCK"; Value = "NO"; VariantName = "[No Variations]"
Add component (AddParameter): Name = "Value"; Value = "2.2k"; VariantName = "[No Variations]"
Added Component: Designator=R130(RESISTOR 1005 REFLOW)
Add component (AddParameter): Name = "STOCK"; Value = "NO"; VariantName = "[No Variations]"
Add component (AddParameter): Name = "Value"; Value = "16k"; VariantName = "[No Variations]"
Added Component: Designator=R131(RESISTOR 1005 REFLOW)
Add component (AddParameter): Name = "STOCK"; Value = "NO"; VariantName = "[No Variations]"
Add component (AddParameter): Name = "Value"; Value = "3.3k"; VariantName = "[No Variations]"
Added Component: Designator=R132(RESISTOR 1005 REFLOW)
Add component (AddParameter): Name = "STOCK"; Value = "NO"; VariantName = "[No Variations]"
Add component (AddParameter): Name = "Value"; Value = "20k"; VariantName = "[No Variations]"
Added Component: Designator=R133(RESISTOR 1005 REFLOW)
Add component (AddParameter): Name = "STOCK"; Value = "NO"; VariantName = "[No Variations]"
Add component (AddParameter): Name = "Value"; Value = "12k"; VariantName = "[No Variations]"
Added Component: Designator=R134(RESISTOR 1005 REFLOW)
Add component (AddParameter): Name = "Value"; Value = "5.1k"; VariantName = "[No Variations]"
Added Component: Designator=R135(RESISTOR 1005 REFLOW)
Add component (AddParameter): Name = "Value"; Value = "5.1k"; VariantName = "[No Variations]"
Added Component: Designator=R136(RESISTOR 1005 REFLOW)
Add component (AddParameter): Name = "STOCK"; Value = "NO"; VariantName = "[No Variations]"
Add component (AddParameter): Name = "Value"; Value = "47k"; VariantName = "[No Variations]"
Added Component: Designator=R137(RESISTOR 1005 REFLOW)
Add component (AddParameter): Name = "STOCK"; Value = "NO"; VariantName = "[No Variations]"
Add component (AddParameter): Name = "Value"; Value = "47k"; VariantName = "[No Variations]"
Added Component: Designator=R138(RESISTOR 1005 REFLOW)
Add component (AddParameter): Name = "STOCK"; Value = "NO"; VariantName = "[No Variations]"
Add component (AddParameter): Name = "Value"; Value = "47k"; VariantName = "[No Variations]"
Added Component: Designator=R139(RESISTOR 1005 REFLOW)
Add component (AddParameter): Name = "STOCK"; Value = "NO"; VariantName = "[No Variations]"
Add component (AddParameter): Name = "Value"; Value = "47k"; VariantName = "[No Variations]"
Added Component: Designator=R140(RESISTOR 1005 REFLOW)
Add component (AddParameter): Name = "STOCK"; Value = "NO"; VariantName = "[No Variations]"
Add component (AddParameter): Name = "Value"; Value = "47k"; VariantName = "[No Variations]"
Added Component: Designator=R141(RESISTOR 1005 REFLOW)
Add component (AddParameter): Name = "STOCK"; Value = "NO"; VariantName = "[No Variations]"
Add component (AddParameter): Name = "Value"; Value = "47k"; VariantName = "[No Variations]"
Added Component: Designator=U71(SO8W P1.27 C5.0X5.0 H2.0)
Add component (AddParameter): Name = "Value"; Value = "865-MB85RS4MTYPF-G-BCE1-ND"; VariantName = "[No Variations]"
Added Component: Designator=U75(MSOP8 P0.65 C3.0X3.0 H1.1)
Add component (AddParameter): Name = "Value"; Value = "ADA4500-2"; VariantName = "[No Variations]"
Added Component: Designator=X2(Crystal C3.2x1.5 Abracon ABS07)
Add component (AddParameter): Name = "STOCK"; Value = "YES"; VariantName = "[No Variations]"
Add component (AddParameter): Name = "Value"; Value = "32.768kHz"; VariantName = "[No Variations]"
Added Component: Designator=X3(Crystal C2.0x1.6 Abracon ABM11W)
Add component (AddParameter): Name = "STOCK"; Value = "YES"; VariantName = "[No Variations]"
Add component (AddParameter): Name = "Value"; Value = "32 MHz"; VariantName = "[No Variations]"
Added Pin To Net: NetName=GND Pin=C56-1
Added Pin To Net: NetName=+3v3 Pin=C56-2
Added Pin To Net: NetName=GND Pin=C57-1
Added Pin To Net: NetName=+3v3 Pin=C57-2
Added Pin To Net: NetName=GND Pin=C58-1
Added Pin To Net: NetName=+3v3 Pin=C58-2
Added Pin To Net: NetName=GND Pin=C59-1
Added Pin To Net: NetName=GND Pin=C60-1
Added Pin To Net: NetName=GND Pin=C61-1
Added Pin To Net: NetName=+3v3 Pin=C61-2
Added Pin To Net: NetName=GND Pin=C62-1
Added Pin To Net: NetName=+3v3 Pin=C62-2
Added Pin To Net: NetName=GND Pin=C63-1
Added Pin To Net: NetName=GND Pin=C64-1
Added Pin To Net: NetName=GND Pin=C65-1
Added Pin To Net: NetName=+3v3 Pin=C65-2
Added Pin To Net: NetName=GND Pin=C66-1
Added Pin To Net: NetName=+3v3 Pin=C66-2
Added Pin To Net: NetName=GND Pin=C67-1
Added Pin To Net: NetName=+3v3 Pin=C67-2
Added Pin To Net: NetName=GND Pin=C71-1
Added Pin To Net: NetName=+3v3 Pin=C71-2
Added Pin To Net: NetName=GND Pin=C88-1
Added Pin To Net: NetName=NetC72_2 Pin=D1-1
Added Pin To Net: NetName=NetR72_1 Pin=D1-2
Added Pin To Net: NetName=NetR74_1 Pin=D1-3
Added Pin To Net: NetName=GND Pin=D1-6
Added Pin To Net: NetName=GND Pin=J11-2
Added Pin To Net: NetName=GND Pin=J12-2
Added Pin To Net: NetName=POW_IN Pin=J13-1
Added Pin To Net: NetName=+3v3 Pin=J14-3
Added Pin To Net: NetName=GND Pin=J14-5
Added Pin To Net: NetName=GND Pin=J14-7
Added Pin To Net: NetName=GND Pin=J14-11
Added Pin To Net: NetName=NetC70_1 Pin=J15-1
Added Pin To Net: NetName=GND Pin=J15-16
Added Pin To Net: NetName=+3v3 Pin=J17-4
Added Pin To Net: NetName=GND Pin=J17-6
Added Pin To Net: NetName=GND Pin=R71-1
Added Pin To Net: NetName=FPGA_FRAM_nCS_0 Pin=R71-2
Added Pin To Net: NetName=STM_FPGA_MISO Pin=R75-2
Added Pin To Net: NetName=GND Pin=R79-1
Added Pin To Net: NetName=FPGA_FRAM_SDI_0 Pin=R79-2
Added Pin To Net: NetName=GND Pin=R83-1
Added Pin To Net: NetName=FPGA_FRAM_0_SCLK Pin=R83-2
Added Pin To Net: NetName=AIN0p Pin=R86-1
Added Pin To Net: NetName=NetC73_1 Pin=R86-2
Added Pin To Net: NetName=GND Pin=R95-1
Added Pin To Net: NetName=FPGA_ADC_SDO_0 Pin=R96-2
Added Pin To Net: NetName=GND Pin=R127-2
Added Pin To Net: NetName=+3v3 Pin=R128-1
Added Pin To Net: NetName=NetC71_2 Pin=R132-1
Added Pin To Net: NetName=GND Pin=R132-2
Added Pin To Net: NetName=NetC72_2 Pin=R133-1
Added Pin To Net: NetName=NetC71_2 Pin=R133-2
Added Pin To Net: NetName=GND Pin=R134-2
Added Pin To Net: NetName=GND Pin=R135-2
Added Pin To Net: NetName=+3v3 Pin=R136-2
Added Pin To Net: NetName=+3v3 Pin=R137-2
Added Pin To Net: NetName=+3v3 Pin=R138-2
Added Pin To Net: NetName=+3v3 Pin=R139-2
Added Pin To Net: NetName=+3v3 Pin=R140-2
Added Pin To Net: NetName=+3v3 Pin=R141-2
Added Pin To Net: NetName=FPGA_FRAM_nCS_0 Pin=U71-1
Added Pin To Net: NetName=+3v3 Pin=U71-3
Added Pin To Net: NetName=GND Pin=U71-4
Added Pin To Net: NetName=FPGA_FRAM_SDI_0 Pin=U71-5
Added Pin To Net: NetName=FPGA_FRAM_0_SCLK Pin=U71-6
Added Pin To Net: NetName=+3v3 Pin=U71-7
Added Pin To Net: NetName=+3v3 Pin=U71-8
Added Pin To Net: NetName=VREF+2v5 Pin=U75-3
Added Pin To Net: NetName=+ADCcm Pin=U75-6
Added Pin To Net: NetName=+ADCcm Pin=U75-7
Added Pin To Net: NetName=+3v3A Pin=U75-8
Change Net Name : Old Net Name=NetC1_2 New Net Name=NetC3_2
Change Net Name : Old Net Name=NetC2_2 New Net Name=NetC7_2
Change Net Name : Old Net Name=NetC5_1 New Net Name=NetC4_1
Change Net Name : Old Net Name=NetC6_2 New Net Name=NetC8_2
Change Net Name : Old Net Name=NetC8_2 New Net Name=NetC1_2
Change Net Name : Old Net Name=NetC11_2 New Net Name=NetC19_2
Change Net Name : Old Net Name=NetC12_2 New Net Name=NetC5_2
Change Net Name : Old Net Name=NetC13_2 New Net Name=NetC9_2
Change Net Name : Old Net Name=NetC16_1 New Net Name=NetC6_1
Change Net Name : Old Net Name=NetC17_2 New Net Name=NetC10_2
Change Net Name : Old Net Name=NetC18_2 New Net Name=NetC2_2
Change Net Name : Old Net Name=NetC22_2 New Net Name=NetC24_2
Change Net Name : Old Net Name=NetC23_2 New Net Name=NetC28_2
Change Net Name : Old Net Name=NetC26_1 New Net Name=NetC25_1
Change Net Name : Old Net Name=NetC27_2 New Net Name=NetC29_2
Change Net Name : Old Net Name=NetC28_2 New Net Name=NetC22_2
Change Net Name : Old Net Name=NetC30_2 New Net Name=NetC26_2
Change Net Name : Old Net Name=NetC31_2 New Net Name=NetC30_2
Change Net Name : Old Net Name=NetC34_1 New Net Name=NetC27_1
Change Net Name : Old Net Name=NetC35_2 New Net Name=NetC31_2
Change Net Name : Old Net Name=NetC36_2 New Net Name=NetC23_2
Change Net Name : Old Net Name=NetC70_1 New Net Name=VDD
Change Net Name : Old Net Name=NetC71_2 New Net Name=USB_VBUS_WKUP
Change Net Name : Old Net Name=NetC72_2 New Net Name=USB_VBUS_IN
Change Net Name : Old Net Name=NetC73_1 New Net Name=NetC74_1
Change Net Name : Old Net Name=NetC74_1 New Net Name=NetC75_2
Change Net Name : Old Net Name=NetC78_1 New Net Name=NetC76_1
Change Net Name : Old Net Name=NetC79_1 New Net Name=NetC77_2
Change Net Name : Old Net Name=NetC81_1 New Net Name=NetC78_1
Change Net Name : Old Net Name=NetC82_1 New Net Name=NetC79_2
Change Net Name : Old Net Name=NetC84_2 New Net Name=NetC89_2
Change Net Name : Old Net Name=NetC85_1 New Net Name=NetC80_1
Change Net Name : Old Net Name=NetC86_1 New Net Name=NetC81_2
Change Net Name : Old Net Name=NetR1_1 New Net Name=NetR5_1
Change Net Name : Old Net Name=NetR5_1 New Net Name=NetR27_1
Change Net Name : Old Net Name=NetR13_2 New Net Name=NetR7_2
Change Net Name : Old Net Name=NetR16_1 New Net Name=NetR6_1
Change Net Name : Old Net Name=NetR17_1 New Net Name=NetR30_1
Change Net Name : Old Net Name=NetR22_1 New Net Name=NetR28_1
Change Net Name : Old Net Name=NetR30_2 New Net Name=NetR9_2
Change Net Name : Old Net Name=NetR32_1 New Net Name=NetR36_1
Change Net Name : Old Net Name=NetR36_1 New Net Name=NetR58_1
Change Net Name : Old Net Name=NetR44_2 New Net Name=NetR38_2
Change Net Name : Old Net Name=NetR46_1 New Net Name=NetR37_1
Change Net Name : Old Net Name=NetR50_1 New Net Name=NetR59_1
Change Net Name : Old Net Name=NetR58_2 New Net Name=NetR40_2
Change Net Name : Old Net Name=NetR63_1 New Net Name=NetR103_1
Change Net Name : Old Net Name=NetR65_1 New Net Name=NetR68_1
Change Net Name : Old Net Name=NetR72_1 New Net Name=USB_D_P
Change Net Name : Old Net Name=NetR74_1 New Net Name=USB_D_N
Change Net Name : Old Net Name=NetR75_1 New Net Name=NetR97_1
Change Net Name : Old Net Name=NetR79_1 New Net Name=NetR98_1
Change Net Name : Old Net Name=NetR81_1 New Net Name=NetR76_1
Change Net Name : Old Net Name=NetR82_1 New Net Name=NetR99_1
Change Net Name : Old Net Name=NetR89_1 New Net Name=NetR119_1
Change Net Name : Old Net Name=NetR91_2 New Net Name=NetR114_2
Change Net Name : Old Net Name=NetR92_1 New Net Name=NetR120_1
Change Net Name : Old Net Name=NetR93_1 New Net Name=NetR121_1
Change Net Name : Old Net Name=NetR94_1 New Net Name=NetR122_1
Change Net Name : Old Net Name=NetR95_1 New Net Name=NetR123_1
Change Net Name : Old Net Name=NetR96_1 New Net Name=NetR124_1
Change Net Name : Old Net Name=NetR98_1 New Net Name=NetR125_1
Change Net Name : Old Net Name=NetR100_1 New Net Name=NetR126_1
Change Net Name : Old Net Name=NetR101_1 New Net Name=NetR74_1
Change Net Name : Old Net Name=NetR107_1 New Net Name=NetR110_1
Change Net Name : Old Net Name=NetR108_1 New Net Name=NetR111_1
Change Net Name : Old Net Name=NetR109_1 New Net Name=NetR112_1
Change Net Name : Old Net Name=NetR110_1 New Net Name=NetR113_1
Added Pin To Net: NetName=BOOT0 Pin=R127-1
Added Pin To Net: NetName=BOOT0 Pin=R128-2
Added Net: Name=BOOT0
Added Pin To Net: NetName=D_N Pin=D1-4
Added Net: Name=D_N
Added Pin To Net: NetName=D_P Pin=D1-5
Added Net: Name=D_P
Added Pin To Net: NetName=NetC86_2 Pin=C86-2
Added Pin To Net: NetName=NetC86_2 Pin=R94-1
Added Pin To Net: NetName=NetC86_2 Pin=U75-1
Added Pin To Net: NetName=NetC86_2 Pin=U75-2
Added Pin To Net: NetName=NetC86_2 Pin=U76-17
Added Net: Name=NetC86_2
Added Pin To Net: NetName=NetC88_2 Pin=C88-2
Added Pin To Net: NetName=NetC88_2 Pin=R94-2
Added Pin To Net: NetName=NetC88_2 Pin=R95-2
Added Pin To Net: NetName=NetC88_2 Pin=U75-5
Added Net: Name=NetC88_2
Added Pin To Net: NetName=NetC90_1 Pin=C90-1
Added Pin To Net: NetName=NetC90_1 Pin=U75-4
Added Net: Name=NetC90_1
Added Pin To Net: NetName=NetJ13_2 Pin=J13-2
Added Pin To Net: NetName=NetJ13_2 Pin=R129-2
Added Net: Name=NetJ13_2
Added Pin To Net: NetName=NetJ13_3 Pin=J13-3
Added Pin To Net: NetName=NetJ13_3 Pin=R130-2
Added Net: Name=NetJ13_3
Added Pin To Net: NetName=NetJ13_4 Pin=J13-4
Added Pin To Net: NetName=NetJ13_4 Pin=R131-2
Added Net: Name=NetJ13_4
Added Pin To Net: NetName=NetJ16_A5 Pin=R134-1
Added Net: Name=NetJ16_A5
Added Pin To Net: NetName=NetJ16_B5 Pin=R135-1
Added Net: Name=NetJ16_B5
Added Pin To Net: NetName=NetLD1_1 Pin=R131-1
Added Net: Name=NetLD1_1
Added Pin To Net: NetName=NetLD1_3 Pin=R130-1
Added Net: Name=NetLD1_3
Added Pin To Net: NetName=NetLD1_4 Pin=R129-1
Added Net: Name=NetLD1_4
Added Pin To Net: NetName=NetR75_1 Pin=R75-1
Added Pin To Net: NetName=NetR75_1 Pin=U71-2
Added Net: Name=NetR75_1
Added Pin To Net: NetName=NetR77_1 Pin=R77-1
Added Pin To Net: NetName=NetR77_1 Pin=U73-2
Added Net: Name=NetR77_1
Added Pin To Net: NetName=NetR96_1 Pin=R96-1
Added Pin To Net: NetName=NetR96_1 Pin=U76-19
Added Net: Name=NetR96_1
Added Pin To Net: NetName=OSC_IN Pin=C60-2
Added Pin To Net: NetName=OSC_IN Pin=X3-1
Added Net: Name=OSC_IN
Added Pin To Net: NetName=OSC_OUT Pin=C64-2
Added Pin To Net: NetName=OSC_OUT Pin=X3-3
Added Net: Name=OSC_OUT
Added Pin To Net: NetName=RCC_32_IN Pin=C63-2
Added Pin To Net: NetName=RCC_32_IN Pin=X2-2
Added Net: Name=RCC_32_IN
Added Pin To Net: NetName=RCC_32_OUT Pin=C59-2
Added Pin To Net: NetName=RCC_32_OUT Pin=X2-1
Added Net: Name=RCC_32_OUT
Added Pin To Net: NetName=SD_CLK Pin=J17-5
Added Net: Name=SD_CLK
Added Pin To Net: NetName=SD_CMD Pin=J17-3
Added Pin To Net: NetName=SD_CMD Pin=R140-1
Added Net: Name=SD_CMD
Added Pin To Net: NetName=SD_D0 Pin=J17-7
Added Pin To Net: NetName=SD_D0 Pin=R139-1
Added Net: Name=SD_D0
Added Pin To Net: NetName=SD_D1 Pin=J17-8
Added Pin To Net: NetName=SD_D1 Pin=R138-1
Added Net: Name=SD_D1
Added Pin To Net: NetName=SD_D2 Pin=J17-1
Added Pin To Net: NetName=SD_D2 Pin=R137-1
Added Net: Name=SD_D2
Added Pin To Net: NetName=SD_D3 Pin=J17-2
Added Pin To Net: NetName=SD_D3 Pin=R136-1
Added Net: Name=SD_D3
Added Pin To Net: NetName=SD_DETECT_INT Pin=J17-9
Added Pin To Net: NetName=SD_DETECT_INT Pin=R141-1
Added Net: Name=SD_DETECT_INT
Added Pin To Net: NetName=STM_NRST Pin=J14-12
Added Net: Name=STM_NRST
Added Pin To Net: NetName=STM_SWCLK Pin=J14-6
Added Net: Name=STM_SWCLK
Added Pin To Net: NetName=STM_SWDIO Pin=J14-4
Added Net: Name=STM_SWDIO
Added Pin To Net: NetName=STM_SWO Pin=J14-8
Added Net: Name=STM_SWO
Added Pin To Net: NetName=STM_VCP_RX Pin=J14-14
Added Net: Name=STM_VCP_RX
Added Pin To Net: NetName=STM_VCP_TX Pin=J14-13
Added Net: Name=STM_VCP_TX
Added Pin To Net: NetName=UI_ARM Pin=J12-1
Added Net: Name=UI_ARM
Added Pin To Net: NetName=UI_EX3 Pin=J15-12
Added Net: Name=UI_EX3
Added Pin To Net: NetName=UI_EX4 Pin=J15-13
Added Net: Name=UI_EX4
Added Pin To Net: NetName=UI_EX5 Pin=J15-14
Added Net: Name=UI_EX5
Added Pin To Net: NetName=UI_EX6 Pin=J15-15
Added Net: Name=UI_EX6
Added Pin To Net: NetName=UI_I2C1_SCL Pin=J15-8
Added Net: Name=UI_I2C1_SCL
Added Pin To Net: NetName=UI_I2C1_SDA Pin=J15-9
Added Net: Name=UI_I2C1_SDA
Added Pin To Net: NetName=UI_I2C2_SCL Pin=J15-10
Added Net: Name=UI_I2C2_SCL
Added Pin To Net: NetName=UI_I2C2_SDA Pin=J15-11
Added Net: Name=UI_I2C2_SDA
Added Pin To Net: NetName=UI_LCD_A0 Pin=J15-5
Added Net: Name=UI_LCD_A0
Added Pin To Net: NetName=UI_LCD_nLED Pin=J15-7
Added Net: Name=UI_LCD_nLED
Added Pin To Net: NetName=UI_LCD_nRESET Pin=J15-6
Added Net: Name=UI_LCD_nRESET
Added Pin To Net: NetName=UI_LCD_SPI_MOSI Pin=J15-2
Added Net: Name=UI_LCD_SPI_MOSI
Added Pin To Net: NetName=UI_LCD_SPI_nSC Pin=J15-4
Added Net: Name=UI_LCD_SPI_nSC
Added Pin To Net: NetName=UI_LCD_SPI_SCK Pin=J15-3
Added Net: Name=UI_LCD_SPI_SCK
Added Net: Name=UI_LED_B
Added Net: Name=UI_LED_G
Added Net: Name=UI_LED_R
Added Pin To Net: NetName=UI_STM_WakeUP Pin=J11-1
Added Net: Name=UI_STM_WakeUP
Added Class: Name=BalEv_SD_card_v1_0
Added Class: Name=BalEv_STM_v1_0
Added Class: Name=BalEv_USB_v1_0
Added Class: Name=SD
Added Differential Pair: Name=D
Added Differential Pair: Name=USB_D
Added Member To Class: ClassName=BalEv_ADC_v1_0 Member=Component C71 100n
Added Member To Class: ClassName=BalEv_ADC_v1_0 Member=Component C89 100n
Added Member To Class: ClassName=BalEv_ADC_v1_0 Member=Component C90 100n
Added Member To Class: ClassName=BalEv_ADC_v1_0 Member=Component R71 NC
Added Member To Class: ClassName=BalEv_ADC_v1_0 Member=Component R74 100
Added Member To Class: ClassName=BalEv_ADC_v1_0 Member=Component R79 NC
Added Member To Class: ClassName=BalEv_ADC_v1_0 Member=Component R87 33
Added Member To Class: ClassName=BalEv_ADC_v1_0 Member=Component R88 33
Added Member To Class: ClassName=BalEv_ADC_v1_0 Member=Component R89 33
Added Member To Class: ClassName=BalEv_ADC_v1_0 Member=Component R90 33
Added Member To Class: ClassName=BalEv_ADC_v1_0 Member=Component R91 33
Added Member To Class: ClassName=BalEv_ADC_v1_0 Member=Component R92 33
Added Member To Class: ClassName=BalEv_ADC_v1_0 Member=Component R97 100
Added Member To Class: ClassName=BalEv_ADC_v1_0 Member=Component R98 100
Added Member To Class: ClassName=BalEv_ADC_v1_0 Member=Component R99 100
Added Member To Class: ClassName=BalEv_FPTG_POW_COFIG_v1_0 Member=Component R103 10k
Added Member To Class: ClassName=BalEv_FPTG_POW_COFIG_v1_0 Member=Component R104 10k
Added Member To Class: ClassName=BalEv_FPTG_IO_v1_0 Member=Component R118 1k
Added Member To Class: ClassName=BalEv_ADC_v1_0 Member=Component U75 ADA4500-2
Added Member To Class: ClassName=BalEv_ADC_v1_0 Member=Component U76 AD7380-4BCPZ
Added Rule: Name=Schematic Matched Net Lengths
