Added Component: Designator=SB1(Solder Bridge 1mm Connected)
Add component (AddParameter): Name = "Value"; Value = ""; VariantName = "[No Variations]"
Added Component: Designator=SB2(Solder Bridge 1mm Connected)
Add component (AddParameter): Name = "Value"; Value = ""; VariantName = "[No Variations]"
Added Component: Designator=SB3(Solder Bridge 1mm Connected)
Add component (AddParameter): Name = "Value"; Value = ""; VariantName = "[No Variations]"
Added Component: Designator=SB4(Solder Bridge 1mm Connected)
Add component (AddParameter): Name = "Value"; Value = ""; VariantName = "[No Variations]"
Added Component: Designator=SB5(Solder Bridge 1mm Connected)
Add component (AddParameter): Name = "Value"; Value = ""; VariantName = "[No Variations]"
Added Component: Designator=SB6(Solder Bridge 1mm Connected)
Add component (AddParameter): Name = "Value"; Value = ""; VariantName = "[No Variations]"
Added Component: Designator=SB7(Solder Bridge 1mm Connected)
Add component (AddParameter): Name = "Value"; Value = ""; VariantName = "[No Variations]"
Added Component: Designator=SB8(Solder Bridge 1mm Connected)
Add component (AddParameter): Name = "Value"; Value = ""; VariantName = "[No Variations]"
Added Pin To Net: NetName=DONE Pin=SB1-1
Added Pin To Net: NetName=CDONE Pin=SB1-2
Added Pin To Net: NetName=NetJ8_3 Pin=SB2-1
Added Pin To Net: NetName=GND Pin=SB2-2
Added Pin To Net: NetName=TCK/SCLK Pin=SB3-1
Added Pin To Net: NetName=ICE_SCK Pin=SB3-2
Added Pin To Net: NetName=TRST Pin=SB4-1
Added Pin To Net: NetName=creset_b Pin=SB4-2
Added Pin To Net: NetName=ISPEN/PROG Pin=SB5-1
Added Pin To Net: NetName=ICE_SS Pin=SB5-2
Added Pin To Net: NetName=TDI_SI Pin=SB6-1
Added Pin To Net: NetName=ICE_MOSI Pin=SB6-2
Added Pin To Net: NetName=NetJ8_9 Pin=SB7-1
Added Pin To Net: NetName=+3v3 Pin=SB7-2
Added Pin To Net: NetName=TDI_SO Pin=SB8-1
Added Pin To Net: NetName=ICE_MISO Pin=SB8-2
Added Member To Class: ClassName=BalEv_FPTG_POW_COFIG_v1_0 Member=Component SB1 *
Added Member To Class: ClassName=BalEv_FPTG_POW_COFIG_v1_0 Member=Component SB2 *
Added Member To Class: ClassName=BalEv_FPTG_POW_COFIG_v1_0 Member=Component SB3 *
Added Member To Class: ClassName=BalEv_FPTG_POW_COFIG_v1_0 Member=Component SB4 *
Added Member To Class: ClassName=BalEv_FPTG_POW_COFIG_v1_0 Member=Component SB5 *
Added Member To Class: ClassName=BalEv_FPTG_POW_COFIG_v1_0 Member=Component SB6 *
Added Member To Class: ClassName=BalEv_FPTG_POW_COFIG_v1_0 Member=Component SB7 *
Added Member To Class: ClassName=BalEv_FPTG_POW_COFIG_v1_0 Member=Component SB8 *
