Added Component: Designator=J?(SMA EDGE Molex 732511150)
Add component (AddParameter): Name = "Value"; Value = "AIN3"; VariantName = "[No Variations]"
Added Component: Designator=J?(SMA EDGE Molex 732511150)
Add component (AddParameter): Name = "Value"; Value = "AIN2"; VariantName = "[No Variations]"
Added Component: Designator=J?(SMA EDGE Molex 732511150)
Add component (AddParameter): Name = "Value"; Value = "AIN1"; VariantName = "[No Variations]"
Added Pin To Net: NetName=GND Pin=J3-3
Added Pin To Net: NetName=AIN0 Pin=J3-4
Added Pin To Net: NetName=GND Pin=J3-5
Added Pin To Net: NetName=GND Pin=J3-7
Added Pin To Net: NetName=GND Pin=J3-9
Added Pin To Net: NetName=GND Pin=J3-11
Added Pin To Net: NetName=GND Pin=J3-13
Added Pin To Net: NetName=GND Pin=J3-15
Added Pin To Net: NetName=GND Pin=J3-17
Added Pin To Net: NetName=GND Pin=J?-2
Added Pin To Net: NetName=GND Pin=J?-2
Added Pin To Net: NetName=GND Pin=J?-2
Added Pin To Net: NetName=GND Pin=J?-2
Added Pin To Net: NetName=GND Pin=J?-2
Added Pin To Net: NetName=GND Pin=J?-2
Added Pin To Net: NetName=GND Pin=J?-2
Added Pin To Net: NetName=GND Pin=J?-2
Added Pin To Net: NetName=GND Pin=J?-2
Added Pin To Net: NetName=GND Pin=J?-2
Added Pin To Net: NetName=GND Pin=J?-2
Added Pin To Net: NetName=GND Pin=J?-2
Added Net: Name=AIN1m
Added Pin To Net: NetName=AIN1 Pin=J3-8
Added Pin To Net: NetName=AIN1 Pin=J?-1
Added Net: Name=AIN1
Added Net: Name=AIN2m
Added Pin To Net: NetName=AIN2 Pin=J3-12
Added Pin To Net: NetName=AIN2 Pin=J?-1
Added Net: Name=AIN2
Added Net: Name=AIN3m
Added Pin To Net: NetName=AIN3 Pin=J3-16
Added Pin To Net: NetName=AIN3 Pin=J?-1
Added Net: Name=AIN3
Added Net: Name=NetC?_1
Added Net: Name=NetC?_2
Added Net: Name=NetR?_1
Added Class: Name=BalEv_AINb_v1_0
Added Member To Class: ClassName=BalEv_AINa_v1_0 Member=Component J? AIN1
