Change Component Library : Designator=R1 Old Library=Resistor.IntLib New Library=Resistor.SchLib
Change Component Library : Designator=R2 Old Library=Resistor.IntLib New Library=Resistor.SchLib
Change Component Library : Designator=R3 Old Library=Resistor.IntLib New Library=Resistor.SchLib
Change Component Library : Designator=R4 Old Library=Resistor.IntLib New Library=Resistor.SchLib
Change Component Library : Designator=R5 Old Library=Resistor.IntLib New Library=Resistor.SchLib
Change Component Library : Designator=R6 Old Library=Resistor.IntLib New Library=Resistor.SchLib
Change Component Library : Designator=R7 Old Library=Resistor.IntLib New Library=Resistor.SchLib
Change Component Library : Designator=R8 Old Library=Resistor.IntLib New Library=Resistor.SchLib
Change Component Library : Designator=R9 Old Library=Resistor.IntLib New Library=Resistor.SchLib
Change Component Library : Designator=R10 Old Library=Resistor.IntLib New Library=Resistor.SchLib
Change Component Library : Designator=R11 Old Library=Resistor.IntLib New Library=Resistor.SchLib
Change Component Library : Designator=R12 Old Library=Resistor.IntLib New Library=Resistor.SchLib
Change Component Library : Designator=R13 Old Library=Resistor.IntLib New Library=Resistor.SchLib
Change Component Library : Designator=R14 Old Library=Resistor.IntLib New Library=Resistor.SchLib
Change Component Library : Designator=R15 Old Library=Resistor.IntLib New Library=Resistor.SchLib
Change Component Library : Designator=R16 Old Library=Resistor.IntLib New Library=Resistor.SchLib
Change Component Library : Designator=R17 Old Library=Resistor.IntLib New Library=Resistor.SchLib
Change Component Library : Designator=R18 Old Library=Resistor.IntLib New Library=Resistor.SchLib
Change Component Library : Designator=R19 Old Library=Resistor.IntLib New Library=Resistor.SchLib
Change Component Library : Designator=R20 Old Library=Resistor.IntLib New Library=Resistor.SchLib
Change Component Library : Designator=R21 Old Library=Resistor.IntLib New Library=Resistor.SchLib
Change Component Library : Designator=R22 Old Library=Resistor.IntLib New Library=Resistor.SchLib
Change Component Library : Designator=R23 Old Library=Resistor.IntLib New Library=Resistor.SchLib
Change Component Library : Designator=R24 Old Library=Resistor.IntLib New Library=Resistor.SchLib
Change Component Library : Designator=R25 Old Library=Resistor.IntLib New Library=Resistor.SchLib
Change Component Library : Designator=R26 Old Library=Resistor.IntLib New Library=Resistor.SchLib
Change Component Library : Designator=R27 Old Library=Resistor.IntLib New Library=Resistor.SchLib
Change Component Library : Designator=R28 Old Library=Resistor.IntLib New Library=Resistor.SchLib
Change Component Library : Designator=R29 Old Library=Resistor.IntLib New Library=Resistor.SchLib
Change Component Library : Designator=R30 Old Library=Resistor.IntLib New Library=Resistor.SchLib
Change Component Library : Designator=R31 Old Library=Resistor.IntLib New Library=Resistor.SchLib
Change Component Library : Designator=R32 Old Library=Resistor.IntLib New Library=Resistor.SchLib
Change Component Library : Designator=R33 Old Library=Resistor.IntLib New Library=Resistor.SchLib
Change Component Library : Designator=R34 Old Library=Resistor.IntLib New Library=Resistor.SchLib
Change Component Library : Designator=R35 Old Library=Resistor.IntLib New Library=Resistor.SchLib
Change Component Library : Designator=R36 Old Library=Resistor.IntLib New Library=Resistor.SchLib
Change Component Library : Designator=R37 Old Library=Resistor.IntLib New Library=Resistor.SchLib
Change Component Library : Designator=R38 Old Library=Resistor.IntLib New Library=Resistor.SchLib
Change Component Library : Designator=R39 Old Library=Resistor.IntLib New Library=Resistor.SchLib
Change Component Library : Designator=R40 Old Library=Resistor.IntLib New Library=Resistor.SchLib
Change Component Library : Designator=R41 Old Library=Resistor.IntLib New Library=Resistor.SchLib
Change Component Library : Designator=R42 Old Library=Resistor.IntLib New Library=Resistor.SchLib
Change Component Library : Designator=R43 Old Library=Resistor.IntLib New Library=Resistor.SchLib
Change Component Library : Designator=R44 Old Library=Resistor.IntLib New Library=Resistor.SchLib
Change Component Library : Designator=R45 Old Library=Resistor.IntLib New Library=Resistor.SchLib
Change Component Library : Designator=R46 Old Library=Resistor.IntLib New Library=Resistor.SchLib
Change Component Library : Designator=R47 Old Library=Resistor.IntLib New Library=Resistor.SchLib
Change Component Library : Designator=R48 Old Library=Resistor.IntLib New Library=Resistor.SchLib
Change Component Library : Designator=R49 Old Library=Resistor.IntLib New Library=Resistor.SchLib
Change Component Library : Designator=R50 Old Library=Resistor.IntLib New Library=Resistor.SchLib
Change Component Library : Designator=R51 Old Library=Resistor.IntLib New Library=Resistor.SchLib
Change Component Library : Designator=R52 Old Library=Resistor.IntLib New Library=Resistor.SchLib
Change Component Library : Designator=R53 Old Library=Resistor.IntLib New Library=Resistor.SchLib
Change Component Library : Designator=R54 Old Library=Resistor.IntLib New Library=Resistor.SchLib
Change Component Library : Designator=R55 Old Library=Resistor.IntLib New Library=Resistor.SchLib
Change Component Library : Designator=R56 Old Library=Resistor.IntLib New Library=Resistor.SchLib
Change Component Library : Designator=R57 Old Library=Resistor.IntLib New Library=Resistor.SchLib
Change Component Library : Designator=R58 Old Library=Resistor.IntLib New Library=Resistor.SchLib
Change Component Library : Designator=R59 Old Library=Resistor.IntLib New Library=Resistor.SchLib
Change Component Library : Designator=R70 Old Library=Resistor.IntLib New Library=Resistor.SchLib
Change Component Library : Designator=R71 Old Library=Resistor.IntLib New Library=Resistor.SchLib
Change Component Library : Designator=R72 Old Library=Resistor.IntLib New Library=Resistor.SchLib
Change Component Library : Designator=R73 Old Library=Resistor.IntLib New Library=Resistor.SchLib
Change Component Library : Designator=R74 Old Library=Resistor.IntLib New Library=Resistor.SchLib
Change Component Library : Designator=R75 Old Library=Resistor.IntLib New Library=Resistor.SchLib
Change Component Library : Designator=R76 Old Library=Resistor.IntLib New Library=Resistor.SchLib
Change Component Library : Designator=R77 Old Library=Resistor.IntLib New Library=Resistor.SchLib
Change Component Library : Designator=R78 Old Library=Resistor.IntLib New Library=Resistor.SchLib
Change Component Library : Designator=R79 Old Library=Resistor.IntLib New Library=Resistor.SchLib
Change Component Library : Designator=R80 Old Library=Resistor.IntLib New Library=Resistor.SchLib
Change Component Library : Designator=R81 Old Library=Resistor.IntLib New Library=Resistor.SchLib
Change Component Library : Designator=R82 Old Library=Resistor.IntLib New Library=Resistor.SchLib
Change Component Library : Designator=R83 Old Library=Resistor.IntLib New Library=Resistor.SchLib
Change Component Library : Designator=R84 Old Library=Resistor.IntLib New Library=Resistor.SchLib
Change Component Library : Designator=R85 Old Library=Resistor.IntLib New Library=Resistor.SchLib
Change Component Library : Designator=R86 Old Library=Resistor.IntLib New Library=Resistor.SchLib
Added Component: Designator=R60(RESISTOR 1005 REFLOW)
Add component (AddParameter): Name = "Value"; Value = "10k"; VariantName = "[No Variations]"
Added Component: Designator=R61(RESISTOR 1005 REFLOW)
Add component (AddParameter): Name = "Value"; Value = "10k"; VariantName = "[No Variations]"
Added Component: Designator=R62(RESISTOR 1005 REFLOW)
Add component (AddParameter): Name = "Value"; Value = "10k"; VariantName = "[No Variations]"
Added Component: Designator=R63(RESISTOR 1005 REFLOW)
Add component (AddParameter): Name = "Value"; Value = "10k"; VariantName = "[No Variations]"
Added Component: Designator=R64(RESISTOR 1005 REFLOW)
Add component (AddParameter): Name = "Value"; Value = "10k"; VariantName = "[No Variations]"
Added Component: Designator=R65(RESISTOR 1005 REFLOW)
Add component (AddParameter): Name = "Value"; Value = "10k"; VariantName = "[No Variations]"
Added Component: Designator=R66(RESISTOR 1005 REFLOW)
Add component (AddParameter): Name = "Value"; Value = "10k"; VariantName = "[No Variations]"
Added Component: Designator=R67(RESISTOR 1005 REFLOW)
Add component (AddParameter): Name = "Value"; Value = "10k"; VariantName = "[No Variations]"
Added Component: Designator=R68(RESISTOR 1005 REFLOW)
Add component (AddParameter): Name = "Value"; Value = "10k"; VariantName = "[No Variations]"
Added Component: Designator=R69(RESISTOR 1005 REFLOW)
Add component (AddParameter): Name = "Value"; Value = "NC"; VariantName = "[No Variations]"
Added Component: Designator=R87(RESISTOR 1005 REFLOW)
Add component (AddParameter): Name = "Value"; Value = "100"; VariantName = "[No Variations]"
Added Component: Designator=R88(RESISTOR 1005 REFLOW)
Add component (AddParameter): Name = "Value"; Value = "10k"; VariantName = "[No Variations]"
Added Component: Designator=R89(RESISTOR 1005 REFLOW)
Add component (AddParameter): Name = "Value"; Value = "10k"; VariantName = "[No Variations]"
Added Pin To Net: NetName=EN_1v2 Pin=R60-1
Added Pin To Net: NetName=POW_IN Pin=R60-2
Added Pin To Net: NetName=EN_3v3 Pin=R61-1
Added Pin To Net: NetName=POW_IN Pin=R61-2
Added Pin To Net: NetName=EN_2v5 Pin=R62-1
Added Pin To Net: NetName=POW_IN Pin=R62-2
Added Pin To Net: NetName=NetR63_1 Pin=R63-1
Added Pin To Net: NetName=+3v3 Pin=R63-2
Added Pin To Net: NetName=ICE_SCK Pin=R64-1
Added Pin To Net: NetName=+3v3 Pin=R64-2
Added Pin To Net: NetName=NetR65_1 Pin=R65-1
Added Pin To Net: NetName=+3v3 Pin=R65-2
Added Pin To Net: NetName=NetR65_1 Pin=R66-1
Added Pin To Net: NetName=+3v3 Pin=R66-2
Added Pin To Net: NetName=FLASH_CS Pin=R67-1
Added Pin To Net: NetName=+3v3 Pin=R67-2
Added Pin To Net: NetName=CDONE Pin=R68-1
Added Pin To Net: NetName=+3v3 Pin=R68-2
Added Pin To Net: NetName=creset_b Pin=R69-1
Added Pin To Net: NetName=+3v3 Pin=R69-2
Added Pin To Net: NetName=VCC_PLL Pin=R87-1
Added Pin To Net: NetName=+1v2 Pin=R87-2
Added Pin To Net: NetName=ICE_SCK Pin=R88-1
Added Pin To Net: NetName=+3v3 Pin=R88-2
Added Pin To Net: NetName=ICE_SS Pin=R89-1
Added Pin To Net: NetName=+3v3 Pin=R89-2
Added Member To Class: ClassName=BalEv_AINa_v1_0 Member=Component R16 4.7k
Added Member To Class: ClassName=BalEv_AINa_v1_0 Member=Component R17 *
Added Member To Class: ClassName=BalEv_AINa_v1_0 Member=Component R19 *
Added Member To Class: ClassName=BalEv_FPTG_POW_COFIG_v1_0 Member=Component R60 10k
Added Member To Class: ClassName=BalEv_FPTG_POW_COFIG_v1_0 Member=Component R61 10k
Added Member To Class: ClassName=BalEv_FPTG_POW_COFIG_v1_0 Member=Component R62 10k
Added Member To Class: ClassName=BalEv_FPTG_POW_COFIG_v1_0 Member=Component R63 10k
Added Member To Class: ClassName=BalEv_FPTG_POW_COFIG_v1_0 Member=Component R64 10k
Added Member To Class: ClassName=BalEv_FPTG_POW_COFIG_v1_0 Member=Component R65 10k
Added Member To Class: ClassName=BalEv_FPTG_POW_COFIG_v1_0 Member=Component R66 10k
Added Member To Class: ClassName=BalEv_FPTG_POW_COFIG_v1_0 Member=Component R67 10k
Added Member To Class: ClassName=BalEv_FPTG_POW_COFIG_v1_0 Member=Component R68 10k
Added Member To Class: ClassName=BalEv_FPTG_POW_COFIG_v1_0 Member=Component R69 NC
Added Member To Class: ClassName=BalEv_FPTG_POW_COFIG_v1_0 Member=Component R87 100
Added Member To Class: ClassName=BalEv_FPTG_POW_COFIG_v1_0 Member=Component R88 10k
Added Member To Class: ClassName=BalEv_FPTG_POW_COFIG_v1_0 Member=Component R89 10k
