Removed Pin From Net: NetName=NetR?_1 Pin=R?-1
Removed Pin From Net: NetName=NetR?_1 Pin=R?-2
Removed Pin From Net: NetName=AIN1m Pin=U?-1
Removed Pin From Net: NetName=AIN2m Pin=U?-1
Removed Pin From Net: NetName=AIN3m Pin=U?-1
Removed Pin From Net: NetName=AIN1 Pin=U?-3
Removed Pin From Net: NetName=AIN2 Pin=U?-3
Removed Pin From Net: NetName=AIN3 Pin=U?-3
Removed Pin From Net: NetName=NetR?_1 Pin=U?-5
Removed Pin From Net: NetName=NetC?_2 Pin=U?-6
Removed Pin From Net: NetName=AIN1trig Pin=U?-7
Removed Pin From Net: NetName=AIN2trig Pin=U?-7
Removed Pin From Net: NetName=AIN3trig Pin=U?-7
Removed Member From Class: ClassName=BalEv_AINb_v1_0 Member=C?
Removed Member From Class: ClassName=BalEv_AINa_v1_0 Member=J?
Removed Member From Class: ClassName=BalEv_AINa_v1_0 Member=R?
Removed Member From Class: ClassName=BalEv_AINa_v1_0 Member=U?
Change Component Designator: OldDesignator=C? NewDesignator=C12
Change Component Designator: OldDesignator=C? NewDesignator=C13
Change Component Designator: OldDesignator=C? NewDesignator=C14
Change Component Designator: OldDesignator=C? NewDesignator=C15
Change Component Designator: OldDesignator=C? NewDesignator=C16
Change Component Designator: OldDesignator=C? NewDesignator=C17
Change Component Designator: OldDesignator=C? NewDesignator=C18
Change Component Designator: OldDesignator=C? NewDesignator=C19
Change Component Designator: OldDesignator=C? NewDesignator=C20
Change Component Designator: OldDesignator=C? NewDesignator=C21
Change Component Designator: OldDesignator=C? NewDesignator=C22
Change Component Designator: OldDesignator=C? NewDesignator=C23
Change Component Designator: OldDesignator=C? NewDesignator=C24
Change Component Designator: OldDesignator=C? NewDesignator=C25
Change Component Designator: OldDesignator=C? NewDesignator=C26
Change Component Designator: OldDesignator=C? NewDesignator=C27
Change Component Designator: OldDesignator=C? NewDesignator=C28
Change Component Designator: OldDesignator=C? NewDesignator=C29
Change Component Designator: OldDesignator=C? NewDesignator=C30
Change Component Designator: OldDesignator=C? NewDesignator=C31
Change Component Designator: OldDesignator=C? NewDesignator=C32
Change Component Designator: OldDesignator=C? NewDesignator=C33
Change Component Designator: OldDesignator=C? NewDesignator=C34
Change Component Designator: OldDesignator=C? NewDesignator=C35
Change Component Designator: OldDesignator=J? NewDesignator=J2
Change Component Designator: OldDesignator=J? NewDesignator=J4
Change Component Designator: OldDesignator=J? NewDesignator=J5
Change Component Designator: OldDesignator=R? NewDesignator=R18
Change Component Designator: OldDesignator=R? NewDesignator=R19
Change Component Designator: OldDesignator=R? NewDesignator=R20
Change Component Designator: OldDesignator=R? NewDesignator=R21
Change Component Designator: OldDesignator=R? NewDesignator=R22
Change Component Designator: OldDesignator=R? NewDesignator=R23
Change Component Designator: OldDesignator=R? NewDesignator=R24
Change Component Designator: OldDesignator=R? NewDesignator=R25
Change Component Designator: OldDesignator=R? NewDesignator=R26
Change Component Designator: OldDesignator=R? NewDesignator=R27
Change Component Designator: OldDesignator=R? NewDesignator=R28
Change Component Designator: OldDesignator=R? NewDesignator=R29
Change Component Designator: OldDesignator=R? NewDesignator=R30
Change Component Designator: OldDesignator=R? NewDesignator=R31
Change Component Designator: OldDesignator=R? NewDesignator=R32
Change Component Designator: OldDesignator=R? NewDesignator=R33
Change Component Designator: OldDesignator=R? NewDesignator=R34
Change Component Designator: OldDesignator=R? NewDesignator=R35
Change Component Designator: OldDesignator=R? NewDesignator=R36
Change Component Designator: OldDesignator=R? NewDesignator=R37
Change Component Designator: OldDesignator=R? NewDesignator=R38
Change Component Designator: OldDesignator=R? NewDesignator=R39
Change Component Designator: OldDesignator=R? NewDesignator=R40
Change Component Designator: OldDesignator=R? NewDesignator=R41
Change Component Designator: OldDesignator=R? NewDesignator=R42
Change Component Designator: OldDesignator=R? NewDesignator=R43
Change Component Designator: OldDesignator=R? NewDesignator=R44
Change Component Designator: OldDesignator=R? NewDesignator=R45
Change Component Designator: OldDesignator=R? NewDesignator=R46
Change Component Designator: OldDesignator=R? NewDesignator=R47
Change Component Designator: OldDesignator=R? NewDesignator=R48
Change Component Designator: OldDesignator=R? NewDesignator=R49
Change Component Designator: OldDesignator=R? NewDesignator=R50
Change Component Designator: OldDesignator=R? NewDesignator=R51
Change Component Designator: OldDesignator=R? NewDesignator=R52
Change Component Designator: OldDesignator=R? NewDesignator=R53
Change Component Designator: OldDesignator=R? NewDesignator=R54
Change Component Designator: OldDesignator=R? NewDesignator=R55
Change Component Designator: OldDesignator=R? NewDesignator=R56
Change Component Designator: OldDesignator=R? NewDesignator=R57
Change Component Designator: OldDesignator=R? NewDesignator=R58
Change Component Designator: OldDesignator=R? NewDesignator=R59
Change Component Designator: OldDesignator=U? NewDesignator=U5
Change Component Designator: OldDesignator=U? NewDesignator=U6
Change Component Designator: OldDesignator=U? NewDesignator=U7
Change Component Designator: OldDesignator=U? NewDesignator=U8
Change Component Designator: OldDesignator=U? NewDesignator=U9
Change Component Designator: OldDesignator=U? NewDesignator=U10
Added Pin To Net: NetName=NetR?_1 Pin=R58-2
Added Pin To Net: NetName=NetR?_1 Pin=R59-1
Added Pin To Net: NetName=AIN1m Pin=U6-1
Added Pin To Net: NetName=AIN1 Pin=U6-3
Added Pin To Net: NetName=NetC?_2 Pin=U6-6
Added Pin To Net: NetName=AIN1trig Pin=U6-7
Added Pin To Net: NetName=AIN2m Pin=U8-1
Added Pin To Net: NetName=AIN2 Pin=U8-3
Added Pin To Net: NetName=AIN2trig Pin=U8-7
Added Pin To Net: NetName=AIN3m Pin=U10-1
Added Pin To Net: NetName=AIN3 Pin=U10-3
Added Pin To Net: NetName=NetR?_1 Pin=U10-5
Added Pin To Net: NetName=AIN3trig Pin=U10-7
Change Net Name : Old Net Name=NetC?_1 New Net Name=NetC16_1
Change Net Name : Old Net Name=NetC?_2 New Net Name=NetC18_2
Change Net Name : Old Net Name=NetR?_1 New Net Name=NetR58_2
Added Pin To Net: NetName=NetC12_2 Pin=C12-2
Added Pin To Net: NetName=NetC12_2 Pin=R19-1
Added Pin To Net: NetName=NetC12_2 Pin=R20-2
Added Pin To Net: NetName=NetC12_2 Pin=R21-2
Added Net: Name=NetC12_2
Added Pin To Net: NetName=NetC13_2 Pin=C13-2
Added Pin To Net: NetName=NetC13_2 Pin=R21-1
Added Pin To Net: NetName=NetC13_2 Pin=U5-1
Added Net: Name=NetC13_2
Added Pin To Net: NetName=NetC17_2 Pin=C17-2
Added Pin To Net: NetName=NetC17_2 Pin=R24-2
Added Pin To Net: NetName=NetC17_2 Pin=U5-8
Added Net: Name=NetC17_2
Added Pin To Net: NetName=NetC20_2 Pin=C20-2
Added Pin To Net: NetName=NetC20_2 Pin=R33-1
Added Pin To Net: NetName=NetC20_2 Pin=R34-2
Added Pin To Net: NetName=NetC20_2 Pin=R35-2
Added Net: Name=NetC20_2
Added Pin To Net: NetName=NetC21_2 Pin=C21-2
Added Pin To Net: NetName=NetC21_2 Pin=R35-1
Added Pin To Net: NetName=NetC21_2 Pin=U7-1
Added Net: Name=NetC21_2
Added Pin To Net: NetName=NetC24_1 Pin=C24-1
Added Pin To Net: NetName=NetC24_1 Pin=R37-2
Added Pin To Net: NetName=NetC24_1 Pin=R38-1
Added Pin To Net: NetName=NetC24_1 Pin=R41-1
Added Net: Name=NetC24_1
Added Pin To Net: NetName=NetC25_2 Pin=C25-2
Added Pin To Net: NetName=NetC25_2 Pin=R38-2
Added Pin To Net: NetName=NetC25_2 Pin=U7-8
Added Net: Name=NetC25_2
Added Pin To Net: NetName=NetC26_2 Pin=C26-2
Added Pin To Net: NetName=NetC26_2 Pin=R42-2
Added Pin To Net: NetName=NetC26_2 Pin=R43-1
Added Pin To Net: NetName=NetC26_2 Pin=U8-6
Added Net: Name=NetC26_2
Added Pin To Net: NetName=NetC28_2 Pin=C28-2
Added Pin To Net: NetName=NetC28_2 Pin=R47-1
Added Pin To Net: NetName=NetC28_2 Pin=R48-2
Added Pin To Net: NetName=NetC28_2 Pin=R49-2
Added Net: Name=NetC28_2
Added Pin To Net: NetName=NetC29_2 Pin=C29-2
Added Pin To Net: NetName=NetC29_2 Pin=R49-1
Added Pin To Net: NetName=NetC29_2 Pin=U9-1
Added Net: Name=NetC29_2
Added Pin To Net: NetName=NetC32_1 Pin=C32-1
Added Pin To Net: NetName=NetC32_1 Pin=R51-2
Added Pin To Net: NetName=NetC32_1 Pin=R52-1
Added Pin To Net: NetName=NetC32_1 Pin=R55-1
Added Net: Name=NetC32_1
Added Pin To Net: NetName=NetC33_2 Pin=C33-2
Added Pin To Net: NetName=NetC33_2 Pin=R52-2
Added Pin To Net: NetName=NetC33_2 Pin=U9-8
Added Net: Name=NetC33_2
Added Pin To Net: NetName=NetC34_2 Pin=C34-2
Added Pin To Net: NetName=NetC34_2 Pin=R56-2
Added Pin To Net: NetName=NetC34_2 Pin=R57-1
Added Pin To Net: NetName=NetC34_2 Pin=U10-6
Added Net: Name=NetC34_2
Added Pin To Net: NetName=NetR18_1 Pin=R18-1
Added Pin To Net: NetName=NetR18_1 Pin=U6-2
Added Net: Name=NetR18_1
Added Pin To Net: NetName=NetR22_1 Pin=R22-1
Added Pin To Net: NetName=NetR22_1 Pin=U5-7
Added Net: Name=NetR22_1
Added Pin To Net: NetName=NetR30_2 Pin=R30-2
Added Pin To Net: NetName=NetR30_2 Pin=R31-1
Added Pin To Net: NetName=NetR30_2 Pin=U6-5
Added Net: Name=NetR30_2
Added Pin To Net: NetName=NetR32_1 Pin=R32-1
Added Pin To Net: NetName=NetR32_1 Pin=U8-2
Added Net: Name=NetR32_1
Added Pin To Net: NetName=NetR36_1 Pin=R36-1
Added Pin To Net: NetName=NetR36_1 Pin=U7-7
Added Net: Name=NetR36_1
Added Pin To Net: NetName=NetR44_2 Pin=R44-2
Added Pin To Net: NetName=NetR44_2 Pin=R45-1
Added Pin To Net: NetName=NetR44_2 Pin=U8-5
Added Net: Name=NetR44_2
Added Pin To Net: NetName=NetR46_1 Pin=R46-1
Added Pin To Net: NetName=NetR46_1 Pin=U10-2
Added Net: Name=NetR46_1
Added Pin To Net: NetName=NetR50_1 Pin=R50-1
Added Pin To Net: NetName=NetR50_1 Pin=U9-7
Added Net: Name=NetR50_1
Added Member To Class: ClassName=BalEv_AINa_v1_0 Member=Component C12 NC
Added Member To Class: ClassName=BalEv_AINa_v1_0 Member=Component C13 22pF
Added Member To Class: ClassName=BalEv_AINa_v1_0 Member=Component C14 100nF
Added Member To Class: ClassName=BalEv_AINa_v1_0 Member=Component C16 NC
Added Member To Class: ClassName=BalEv_AINa_v1_0 Member=Component C17 22pF
Added Member To Class: ClassName=BalEv_AINa_v1_0 Member=Component C18 470pF
Added Member To Class: ClassName=BalEv_AINa_v1_0 Member=Component C19 100nF
Added Member To Class: ClassName=BalEv_AINb_v1_0 Member=Component C20 NC
Added Member To Class: ClassName=BalEv_AINb_v1_0 Member=Component C21 22pF
Added Member To Class: ClassName=BalEv_AINb_v1_0 Member=Component C22 100nF
Added Member To Class: ClassName=BalEv_AINb_v1_0 Member=Component C23 100nF
Added Member To Class: ClassName=BalEv_AINb_v1_0 Member=Component C24 NC
Added Member To Class: ClassName=BalEv_AINb_v1_0 Member=Component C25 22pF
Added Member To Class: ClassName=BalEv_AINb_v1_0 Member=Component C26 470pF
Added Member To Class: ClassName=BalEv_AINb_v1_0 Member=Component C27 100nF
Added Member To Class: ClassName=BalEv_AINb_v1_0 Member=Component C28 NC
Added Member To Class: ClassName=BalEv_AINb_v1_0 Member=Component C29 22pF
Added Member To Class: ClassName=BalEv_AINb_v1_0 Member=Component C30 100nF
Added Member To Class: ClassName=BalEv_AINb_v1_0 Member=Component C31 100nF
Added Member To Class: ClassName=BalEv_AINb_v1_0 Member=Component C32 NC
Added Member To Class: ClassName=BalEv_AINb_v1_0 Member=Component C33 22pF
Added Member To Class: ClassName=BalEv_AINb_v1_0 Member=Component C34 470pF
Added Member To Class: ClassName=BalEv_AINb_v1_0 Member=Component C35 100nF
Added Member To Class: ClassName=BalEv_AINa_v1_0 Member=Component J2 AIN1
Added Member To Class: ClassName=BalEv_AINb_v1_0 Member=Component J5 AIN3
Added Member To Class: ClassName=BalEv_AINa_v1_0 Member=Component R18 4.7k
Added Member To Class: ClassName=BalEv_AINa_v1_0 Member=Component R19 2k
Added Member To Class: ClassName=BalEv_AINa_v1_0 Member=Component R20 1k
Added Member To Class: ClassName=BalEv_AINa_v1_0 Member=Component R21 0
Added Member To Class: ClassName=BalEv_AINa_v1_0 Member=Component R22 NC
Added Member To Class: ClassName=BalEv_AINa_v1_0 Member=Component R23 1k
Added Member To Class: ClassName=BalEv_AINa_v1_0 Member=Component R24 0
Added Member To Class: ClassName=BalEv_AINa_v1_0 Member=Component R25 51
Added Member To Class: ClassName=BalEv_AINa_v1_0 Member=Component R26 100K
Added Member To Class: ClassName=BalEv_AINa_v1_0 Member=Component R27 2k
Added Member To Class: ClassName=BalEv_AINa_v1_0 Member=Component R28 10k
Added Member To Class: ClassName=BalEv_AINa_v1_0 Member=Component R29 10k
Added Member To Class: ClassName=BalEv_AINa_v1_0 Member=Component R30 10k
Added Member To Class: ClassName=BalEv_AINa_v1_0 Member=Component R31 10k
Added Member To Class: ClassName=BalEv_AINb_v1_0 Member=Component R32 4.7k
Added Member To Class: ClassName=BalEv_AINb_v1_0 Member=Component R33 2k
Added Member To Class: ClassName=BalEv_AINb_v1_0 Member=Component R34 1k
Added Member To Class: ClassName=BalEv_AINb_v1_0 Member=Component R35 0
Added Member To Class: ClassName=BalEv_AINb_v1_0 Member=Component R36 NC
Added Member To Class: ClassName=BalEv_AINb_v1_0 Member=Component R37 1k
Added Member To Class: ClassName=BalEv_AINb_v1_0 Member=Component R39 51
Added Member To Class: ClassName=BalEv_AINb_v1_0 Member=Component R40 100K
Added Member To Class: ClassName=BalEv_AINb_v1_0 Member=Component R41 2k
Added Member To Class: ClassName=BalEv_AINb_v1_0 Member=Component R42 10k
Added Member To Class: ClassName=BalEv_AINb_v1_0 Member=Component R43 10k
Added Member To Class: ClassName=BalEv_AINb_v1_0 Member=Component R44 10k
Added Member To Class: ClassName=BalEv_AINb_v1_0 Member=Component R45 10k
Added Member To Class: ClassName=BalEv_AINb_v1_0 Member=Component R46 4.7k
Added Member To Class: ClassName=BalEv_AINb_v1_0 Member=Component R47 2k
Added Member To Class: ClassName=BalEv_AINb_v1_0 Member=Component R48 1k
Added Member To Class: ClassName=BalEv_AINb_v1_0 Member=Component R49 0
Added Member To Class: ClassName=BalEv_AINb_v1_0 Member=Component R50 NC
Added Member To Class: ClassName=BalEv_AINb_v1_0 Member=Component R51 1k
Added Member To Class: ClassName=BalEv_AINb_v1_0 Member=Component R52 0
Added Member To Class: ClassName=BalEv_AINb_v1_0 Member=Component R53 51
Added Member To Class: ClassName=BalEv_AINb_v1_0 Member=Component R54 100K
Added Member To Class: ClassName=BalEv_AINb_v1_0 Member=Component R55 2k
Added Member To Class: ClassName=BalEv_AINb_v1_0 Member=Component R56 10k
Added Member To Class: ClassName=BalEv_AINb_v1_0 Member=Component R57 10k
Added Member To Class: ClassName=BalEv_AINb_v1_0 Member=Component R58 10k
Added Member To Class: ClassName=BalEv_AINb_v1_0 Member=Component R59 10k
Added Member To Class: ClassName=BalEv_AINa_v1_0 Member=Component U5 LTC6362_DD
Added Member To Class: ClassName=BalEv_AINa_v1_0 Member=Component U6 ADA4500-2
Added Member To Class: ClassName=BalEv_AINb_v1_0 Member=Component U7 LTC6362_DD
Added Member To Class: ClassName=BalEv_AINb_v1_0 Member=Component U8 ADA4500-2
Added Member To Class: ClassName=BalEv_AINb_v1_0 Member=Component U10 ADA4500-2
