Removed Member From Class: ClassName=BalEv_AINa_v1_0 Member=C11
Removed Member From Class: ClassName=BalEv_AINa_v1_0 Member=C12
Change Component Designator: OldDesignator=C2 NewDesignator=C9
Change Component Designator: OldDesignator=C3 NewDesignator=C8
Change Component Designator: OldDesignator=C4 NewDesignator=C2
Change Component Designator: OldDesignator=C5 NewDesignator=C3
Change Component Designator: OldDesignator=C8 NewDesignator=C6
Change Component Designator: OldDesignator=C10 NewDesignator=C5
Change Component Designator: OldDesignator=C11 NewDesignator=C4
Change Component Designator: OldDesignator=C12 NewDesignator=C10
Change Component Designator: OldDesignator=C13 NewDesignator=C7
Change Component Designator: OldDesignator=R1 NewDesignator=R5
Change Component Designator: OldDesignator=R2 NewDesignator=R3
Change Component Designator: OldDesignator=R3 NewDesignator=R2
Change Component Designator: OldDesignator=R4 NewDesignator=R11
Change Component Designator: OldDesignator=R5 NewDesignator=R12
Change Component Designator: OldDesignator=R6 NewDesignator=R4
Change Component Designator: OldDesignator=R7 NewDesignator=R1
Change Component Designator: OldDesignator=R9 NewDesignator=R7
Change Component Designator: OldDesignator=R10 NewDesignator=R6
Change Component Designator: OldDesignator=R11 NewDesignator=R10
Change Component Designator: OldDesignator=R12 NewDesignator=R9
Change Component Designator: OldDesignator=U1 NewDesignator=U2
Change Component Designator: OldDesignator=U2 NewDesignator=U1
Change Component Designator: OldDesignator=U4 NewDesignator=U3
Change Component Designator: OldDesignator=U5 NewDesignator=U4
Change Net Name : Old Net Name=NetC3_2 New Net Name=NetC8_2
Change Net Name : Old Net Name=NetC4_2 New Net Name=NetC2_2
Change Net Name : Old Net Name=NetC8_2 New Net Name=NetC6_2
Change Net Name : Old Net Name=NetC10_1 New Net Name=NetC5_1
Change Net Name : Old Net Name=NetR1_1 New Net Name=NetR5_1
Change Net Name : Old Net Name=NetR7_1 New Net Name=NetR1_1
Added Member To Class: ClassName=BalEv_AINa_v1_0 Member=Component C8 470pF
Added Member To Class: ClassName=BalEv_AINa_v1_0 Member=Component C9 100nF
