Removed Pin From Net: NetName=NetR1_2 Pin=U1-2
Removed Pin From Net: NetName=NetC3_2 Pin=U1-3
Added Pin To Net: NetName=NetC3_2 Pin=U1-2
Added Pin To Net: NetName=NetR1_2 Pin=U1-3
Added Member To Class: ClassName=BalEv_ADC_v1_0 Member=Component C? 68pF
Added Member To Class: ClassName=BalEv_ADC_v1_0 Member=Component C? 1u
Added Member To Class: ClassName=BalEv_ADC_v1_0 Member=Component C? 100n
Added Member To Class: ClassName=BalEv_ADC_v1_0 Member=Component C? 68pF
Added Member To Class: ClassName=BalEv_ADC_v1_0 Member=Component C? 68pF
Added Member To Class: ClassName=BalEv_ADC_v1_0 Member=Component C? 100n
Added Member To Class: ClassName=BalEv_ADC_v1_0 Member=Component C? 100n
Added Member To Class: ClassName=BalEv_ADC_v1_0 Member=Component C? 68pF
Added Member To Class: ClassName=BalEv_ADC_v1_0 Member=Component C? 100n
Added Member To Class: ClassName=BalEv_ADC_v1_0 Member=Component C? 68pF
Added Member To Class: ClassName=BalEv_ADC_v1_0 Member=Component C? 68pF
Added Member To Class: ClassName=BalEv_ADC_v1_0 Member=Component C? 68pF
Added Member To Class: ClassName=BalEv_ADC_v1_0 Member=Component C? 68pF
Added Member To Class: ClassName=BalEv_ADC_v1_0 Member=Component C? 1u
Added Member To Class: ClassName=BalEv_ADC_v1_0 Member=Component C? 100n
Added Member To Class: ClassName=BalEv_ADC_v1_0 Member=Component C? 100n
Added Member To Class: ClassName=BalEv_ADC_v1_0 Member=Component C? 68pF
Added Member To Class: ClassName=BalEv_ADC_v1_0 Member=Component C? 68pF
Added Member To Class: ClassName=BalEv_ADC_v1_0 Member=Component C? 68pF
Added Member To Class: ClassName=BalEv_ADC_v1_0 Member=Component C? 68pF
Added Member To Class: ClassName=BalEv_ADC_v1_0 Member=Component R? 100
Added Member To Class: ClassName=BalEv_ADC_v1_0 Member=Component R? NC
Added Member To Class: ClassName=BalEv_ADC_v1_0 Member=Component R? NC
Added Member To Class: ClassName=BalEv_ADC_v1_0 Member=Component R? NC
Added Member To Class: ClassName=BalEv_ADC_v1_0 Member=Component R? 33
Added Member To Class: ClassName=BalEv_ADC_v1_0 Member=Component R? NC
Added Member To Class: ClassName=BalEv_ADC_v1_0 Member=Component R? 33
Added Member To Class: ClassName=BalEv_ADC_v1_0 Member=Component R? 10k
Added Member To Class: ClassName=BalEv_ADC_v1_0 Member=Component R? 10k
Added Member To Class: ClassName=BalEv_ADC_v1_0 Member=Component R? 100
Added Member To Class: ClassName=BalEv_ADC_v1_0 Member=Component R? NC
Added Member To Class: ClassName=BalEv_ADC_v1_0 Member=Component R? NC
Added Member To Class: ClassName=BalEv_ADC_v1_0 Member=Component R? 100
Added Member To Class: ClassName=BalEv_ADC_v1_0 Member=Component R? NC
Added Member To Class: ClassName=BalEv_ADC_v1_0 Member=Component R? NC
Added Member To Class: ClassName=BalEv_ADC_v1_0 Member=Component R? NC
Added Member To Class: ClassName=BalEv_ADC_v1_0 Member=Component R? 100
Added Member To Class: ClassName=BalEv_ADC_v1_0 Member=Component R? NC
Added Member To Class: ClassName=BalEv_ADC_v1_0 Member=Component R? 33
Added Member To Class: ClassName=BalEv_ADC_v1_0 Member=Component R? 33
Added Member To Class: ClassName=BalEv_ADC_v1_0 Member=Component R? NC
Added Member To Class: ClassName=BalEv_ADC_v1_0 Member=Component R? NC
Added Member To Class: ClassName=BalEv_ADC_v1_0 Member=Component R? 33
Added Member To Class: ClassName=BalEv_ADC_v1_0 Member=Component R? NC
Added Member To Class: ClassName=BalEv_ADC_v1_0 Member=Component R? 33
Added Member To Class: ClassName=BalEv_ADC_v1_0 Member=Component R? NC
Added Member To Class: ClassName=BalEv_ADC_v1_0 Member=Component R? 100
Added Member To Class: ClassName=BalEv_ADC_v1_0 Member=Component R? NC
Added Member To Class: ClassName=BalEv_ADC_v1_0 Member=Component R? 33
Added Member To Class: ClassName=BalEv_ADC_v1_0 Member=Component R? 100
Added Member To Class: ClassName=BalEv_ADC_v1_0 Member=Component R? 33
Added Member To Class: ClassName=BalEv_ADC_v1_0 Member=Component R? 100
Added Member To Class: ClassName=BalEv_ADC_v1_0 Member=Component U? 865-MB85RS4MTYPF-G-BCE1-ND
Added Member To Class: ClassName=BalEv_ADC_v1_0 Member=Component U? AD7380-4BCPZ
Added Member To Class: ClassName=BalEv_ADC_v1_0 Member=Component U? *
Added Member To Class: ClassName=BalEv_ADC_v1_0 Member=Component U? *
Added Member To Class: ClassName=BalEv_ADC_v1_0 Member=Component U? 865-MB85RS4MTYPF-G-BCE1-ND
Added Member To Class: ClassName=BalEv_ADC_v1_0 Member=Component U? *
Added Member To Class: ClassName=BalEv_ADC_v1_0 Member=Component U? 865-MB85RS4MTYPF-G-BCE1-ND
