Added Component: Designator=C71(CAPACITOR 2012 REFLOW)
Add component (AddParameter): Name = "Value"; Value = "100n"; VariantName = "[No Variations]"
Added Component: Designator=J1(Socket1x6 P2.54)
Added Component: Designator=R1(RESISTOR 2012 REFLOW)
Add component (AddParameter): Name = "Value"; Value = "100"; VariantName = "[No Variations]"
Added Component: Designator=U1(SO8W P1.27 C5.0X5.0 H2.0)
Add component (AddParameter): Name = "Value"; Value = "865-MB85RS4MTYPF-G-BCE1-ND"; VariantName = "[No Variations]"
Added Pin To Net: NetName=GND Pin=C71-1
Added Pin To Net: NetName=+3v3 Pin=C71-2
Added Pin To Net: NetName=+3v3 Pin=J1-5
Added Pin To Net: NetName=GND Pin=J1-6
Added Pin To Net: NetName=+3v3 Pin=U1-3
Added Pin To Net: NetName=GND Pin=U1-4
Added Pin To Net: NetName=+3v3 Pin=U1-7
Added Pin To Net: NetName=+3v3 Pin=U1-8
Added Pin To Net: NetName=MISO Pin=J1-3
Added Pin To Net: NetName=MISO Pin=R1-2
Added Net: Name=MISO
Added Pin To Net: NetName=MOSI Pin=J1-2
Added Pin To Net: NetName=MOSI Pin=U1-5
Added Net: Name=MOSI
Added Pin To Net: NetName=nCS Pin=J1-4
Added Pin To Net: NetName=nCS Pin=U1-1
Added Net: Name=nCS
Added Pin To Net: NetName=NetR1_1 Pin=R1-1
Added Pin To Net: NetName=NetR1_1 Pin=U1-2
Added Net: Name=NetR1_1
Added Pin To Net: NetName=SCLK Pin=J1-1
Added Pin To Net: NetName=SCLK Pin=U1-6
Added Net: Name=SCLK
Added Class: Name=FRAM
